Log file open, 09/14/21 14:36:59
LogWindows: Failed to load 'aqProf.dll' (GetLastError=126)
LogWindows: File 'aqProf.dll' does not exist
LogWindows: Failed to load 'VtuneApi.dll' (GetLastError=126)
LogWindows: File 'VtuneApi.dll' does not exist
LogWindows: Failed to load 'VtuneApi32e.dll' (GetLastError=126)
LogWindows: File 'VtuneApi32e.dll' does not exist
LogConsoleResponse: Display: Failed to find resolution value strings in scalability ini. Falling back to default.
LogConsoleResponse: Display: Failed to find resolution value strings in scalability ini. Falling back to default.
LogInit: Display: Running engine for game: EndlessRunner
LogPlatformFile: Not using cached read wrapper
LogTaskGraph: Started task graph with 5 named threads and 23 total threads with 3 sets of task threads.
LogStats: Stats thread started at 0.529653
LogICUInternationalization: ICU TimeZone Detection - Raw Offset: +9:30, Platform Override: ''
LogInit: Display: Loading text-based GConfig....
LogPluginManager: Mounting plugin MeshPainting
LogPluginManager: Mounting plugin XGEController
LogPluginManager: Mounting plugin AISupport
LogPluginManager: Mounting plugin Paper2D
LogPluginManager: Mounting plugin LightPropagationVolume
LogPluginManager: Mounting plugin EnvironmentQueryEditor
LogPluginManager: Mounting plugin LiveLink
LogPluginManager: Mounting plugin CameraShakePreviewer
LogPluginManager: Mounting plugin GameplayCameras
LogPluginManager: Mounting plugin OodleData
LogPluginManager: Mounting plugin OodleNetwork
LogPluginManager: Mounting plugin AnimationSharing
LogPluginManager: Mounting plugin CLionSourceCodeAccess
LogPluginManager: Mounting plugin CodeLiteSourceCodeAccess
LogPluginManager: Mounting plugin GitSourceControl
LogPluginManager: Mounting plugin KDevelopSourceCodeAccess
LogPluginManager: Mounting plugin NullSourceCodeAccess
LogPluginManager: Mounting plugin PixWinPlugin
LogPluginManager: Mounting plugin PerforceSourceControl
LogPluginManager: Mounting plugin PlasticSourceControl
LogPluginManager: Mounting plugin PropertyAccessNode
LogPluginManager: Mounting plugin PluginUtils
LogPluginManager: Mounting plugin RiderSourceCodeAccess
LogPluginManager: Mounting plugin SubversionSourceControl
LogPluginManager: Mounting plugin TextureFormatOodle
LogPluginManager: Mounting plugin UObjectPlugin
LogPluginManager: Mounting plugin VisualStudioCodeSourceCodeAccess
LogPluginManager: Mounting plugin XCodeSourceCodeAccess
LogPluginManager: Mounting plugin VisualStudioSourceCodeAccess
LogPluginManager: Mounting plugin AssetManagerEditor
LogPluginManager: Mounting plugin CryptoKeys
LogPluginManager: Mounting plugin CurveEditorTools
LogPluginManager: Mounting plugin DataValidation
LogPluginManager: Mounting plugin FacialAnimation
LogPluginManager: Mounting plugin GameplayTagsEditor
LogPluginManager: Mounting plugin GeometryMode
LogPluginManager: Mounting plugin MacGraphicsSwitching
LogPluginManager: Mounting plugin MaterialAnalyzer
LogPluginManager: Mounting plugin MobileLauncherProfileWizard
LogPluginManager: Mounting plugin PluginBrowser
LogPluginManager: Mounting plugin SpeedTreeImporter
LogPluginManager: Mounting plugin DatasmithContent
LogPluginManager: Mounting plugin VariantManagerContent
LogPluginManager: Mounting plugin AlembicImporter
LogPluginManager: Mounting plugin AutomationUtils
LogPluginManager: Mounting plugin BackChannel
LogPluginManager: Mounting plugin ChaosCloth
LogPluginManager: Mounting plugin ChaosClothEditor
LogPluginManager: Mounting plugin ChaosEditor
LogPluginManager: Mounting plugin ChaosNiagara
LogPluginManager: Mounting plugin ChaosSolverPlugin
LogPluginManager: Mounting plugin CharacterAI
LogPluginManager: Mounting plugin GeometryCache
LogPluginManager: Mounting plugin GeometryCollectionPlugin
LogPluginManager: Mounting plugin Niagara
LogPluginManager: Mounting plugin GeometryProcessing
LogPluginManager: Mounting plugin MotoSynth
LogPluginManager: Mounting plugin OpenImageDenoise
LogPluginManager: Mounting plugin PlanarCut
LogPluginManager: Mounting plugin PlatformCrypto
LogPluginManager: Mounting plugin ProxyLODPlugin
LogPluginManager: Mounting plugin PythonScriptPlugin
LogPluginManager: Mounting plugin SkeletalReduction
LogPluginManager: Mounting plugin LuminPlatformFeatures
LogPluginManager: Mounting plugin MagicLeap
LogPluginManager: Mounting plugin MagicLeapLightEstimation
LogPluginManager: Mounting plugin MagicLeapMedia
LogPluginManager: Mounting plugin MagicLeapPassableWorld
LogPluginManager: Mounting plugin AndroidMedia
LogPluginManager: Mounting plugin MLSDK
LogPluginManager: Mounting plugin AvfMedia
LogPluginManager: Mounting plugin ImgMedia
LogPluginManager: Mounting plugin MediaCompositing
LogPluginManager: Mounting plugin MediaPlayerEditor
LogPluginManager: Mounting plugin WebMMedia
LogPluginManager: Mounting plugin WmfMedia
LogPluginManager: Mounting plugin TcpMessaging
LogPluginManager: Mounting plugin UdpMessaging
LogPluginManager: Mounting plugin ActorSequence
LogPluginManager: Mounting plugin LevelSequenceEditor
LogPluginManager: Mounting plugin MatineeToLevelSequence
LogPluginManager: Mounting plugin TemplateSequence
LogPluginManager: Mounting plugin OnlineSubsystem
LogPluginManager: Mounting plugin OnlineSubsystemNull
LogPluginManager: Mounting plugin OnlineSubsystemUtils
LogPluginManager: Mounting plugin LauncherChunkInstaller
LogPluginManager: Mounting plugin ActorLayerUtilities
LogPluginManager: Mounting plugin AndroidDeviceProfileSelector
LogPluginManager: Mounting plugin AndroidMoviePlayer
LogPluginManager: Mounting plugin AndroidPermission
LogPluginManager: Mounting plugin AppleImageUtils
LogPluginManager: Mounting plugin AppleMoviePlayer
LogPluginManager: Mounting plugin ArchVisCharacter
LogPluginManager: Mounting plugin AssetTags
LogPluginManager: Mounting plugin AudioCapture
LogPluginManager: Mounting plugin AudioSynesthesia
LogPluginManager: Mounting plugin CableComponent
LogPluginManager: Mounting plugin ChunkDownloader
LogPluginManager: Mounting plugin CustomMeshComponent
LogPluginManager: Mounting plugin EditableMesh
LogPluginManager: Mounting plugin ExampleDeviceProfileSelector
LogPluginManager: Mounting plugin GooglePAD
LogPluginManager: Mounting plugin GoogleCloudMessaging
LogPluginManager: Mounting plugin IOSDeviceProfileSelector
LogPluginManager: Mounting plugin LinuxDeviceProfileSelector
LogPluginManager: Mounting plugin LocationServicesBPLibrary
LogPluginManager: Mounting plugin MobilePatchingUtils
LogPluginManager: Mounting plugin OpenXREyeTracker
LogPluginManager: Mounting plugin OpenXR
LogPluginManager: Mounting plugin OpenXRHandTracking
LogPluginManager: Mounting plugin PhysXVehicles
LogPluginManager: Mounting plugin ScreenshotTools
LogPluginManager: Mounting plugin PostSplashScreen
LogPluginManager: Mounting plugin ProceduralMeshComponent
LogPluginManager: Mounting plugin PropertyAccessEditor
LogPluginManager: Mounting plugin RuntimePhysXCooking
LogPluginManager: Mounting plugin SignificanceManager
LogPluginManager: Mounting plugin SoundFields
LogPluginManager: Mounting plugin Synthesis
LogPluginManager: Mounting plugin WebMMoviePlayer
LogPluginManager: Mounting plugin WindowsMoviePlayer
LogPluginManager: Mounting plugin Takes
LogPluginManager: Mounting plugin ContentBrowserAssetDataSource
LogPluginManager: Mounting plugin ContentBrowserClassDataSource
LogPluginManager: Mounting plugin ContentBrowserFileDataSource
LogPluginManager: Mounting plugin OnlineSubsystemGooglePlay
LogPluginManager: Mounting plugin OnlineSubsystemIOS
LogPluginManager: Mounting plugin OculusVR
LogPluginManager: Mounting plugin SteamVR
PixWinPlugin: PIX capture plugin failed to initialize! Check that the process is launched from PIX.
LogInit: Using libcurl 7.55.1-DEV
LogInit:  - built for x86_64-pc-win32
LogInit:  - supports SSL with OpenSSL/1.1.1
LogInit:  - supports HTTP deflate (compression) using libz 1.2.8
LogInit:  - other features:
LogInit:      CURL_VERSION_SSL
LogInit:      CURL_VERSION_LIBZ
LogInit:      CURL_VERSION_IPV6
LogInit:      CURL_VERSION_ASYNCHDNS
LogInit:      CURL_VERSION_LARGEFILE
LogInit:      CURL_VERSION_IDN
LogInit:  CurlRequestOptions (configurable via config and command line):
LogInit:  - bVerifyPeer = true  - Libcurl will verify peer certificate
LogInit:  - bUseHttpProxy = false  - Libcurl will NOT use HTTP proxy
LogInit:  - bDontReuseConnections = false  - Libcurl will reuse connections
LogInit:  - MaxHostConnections = 16  - Libcurl will limit the number of connections to a host
LogInit:  - LocalHostAddr = Default
LogInit:  - BufferSize = 65536
LogOnline: OSS: Creating online subsystem instance for: NULL
LogInit: WinSock: version 1.1 (2.2), MaxSocks=32767, MaxUdp=65467
LogOnline: OSS: TryLoadSubsystemAndSetDefault: Loaded subsystem for module [NULL]
LogOculusPluginWrapper: OculusPlugin initialized successfully
LogHMD: Failed initializing OVRPlugin 1.59.0
LogInit: Build: ++UE4+Release-4.27-CL-17155196
LogInit: Engine Version: 4.27.0-17155196+++UE4+Release-4.27
LogInit: Compatible Engine Version: 4.27.0-17155196+++UE4+Release-4.27
LogInit: Net CL: 17155196
LogInit: OS: Windows 10 (Release 2009) (), CPU: Intel(R) Core(TM) i7-4790K CPU @ 4.00GHz, GPU: NVIDIA GeForce GTX TITAN X
LogInit: Compiled (64-bit): Aug 13 2021 06:13:13
LogInit: Compiled with Visual C++: 19.24.28315.00
LogInit: Build Configuration: Development
LogInit: Branch Name: ++UE4+Release-4.27
LogInit: Command Line:  -EpicPortal -epicusername=ShenP.M -epicuserid=890bfba71b0d4f9a82dcbb8a9e221b26 -epiclocale=en -epicsandboxid=ue
LogInit: Base Directory: D:/EpicGames/UE_4.27/Engine/Binaries/Win64/
LogInit: Allocator: TBB
LogInit: Installed Engine Build: 1
LogDevObjectVersion: Number of dev versions registered: 29
LogDevObjectVersion:   Dev-Blueprints (B0D832E4-1F89-4F0D-ACCF-7EB736FD4AA2): 10
LogDevObjectVersion:   Dev-Build (E1C64328-A22C-4D53-A36C-8E866417BD8C): 0
LogDevObjectVersion:   Dev-Core (375EC13C-06E4-48FB-B500-84F0262A717E): 4
LogDevObjectVersion:   Dev-Editor (E4B068ED-F494-42E9-A231-DA0B2E46BB41): 40
LogDevObjectVersion:   Dev-Framework (CFFC743F-43B0-4480-9391-14DF171D2073): 37
LogDevObjectVersion:   Dev-Mobile (B02B49B5-BB20-44E9-A304-32B752E40360): 3
LogDevObjectVersion:   Dev-Networking (A4E4105C-59A1-49B5-A7C5-40C4547EDFEE): 0
LogDevObjectVersion:   Dev-Online (39C831C9-5AE6-47DC-9A44-9C173E1C8E7C): 0
LogDevObjectVersion:   Dev-Physics (78F01B33-EBEA-4F98-B9B4-84EACCB95AA2): 14
LogDevObjectVersion:   Dev-Platform (6631380F-2D4D-43E0-8009-CF276956A95A): 0
LogDevObjectVersion:   Dev-Rendering (12F88B9F-8875-4AFC-A67C-D90C383ABD29): 45
LogDevObjectVersion:   Dev-Sequencer (7B5AE74C-D270-4C10-A958-57980B212A5A): 13
LogDevObjectVersion:   Dev-VR (D7296918-1DD6-4BDD-9DE2-64A83CC13884): 3
LogDevObjectVersion:   Dev-LoadTimes (C2A15278-BFE7-4AFE-6C17-90FF531DF755): 1
LogDevObjectVersion:   Private-Geometry (6EACA3D4-40EC-4CC1-B786-8BED09428FC5): 3
LogDevObjectVersion:   Dev-AnimPhys (29E575DD-E0A3-4627-9D10-D276232CDCEA): 17
LogDevObjectVersion:   Dev-Anim (AF43A65D-7FD3-4947-9873-3E8ED9C1BB05): 15
LogDevObjectVersion:   Dev-ReflectionCapture (6B266CEC-1EC7-4B8F-A30B-E4D90942FC07): 1
LogDevObjectVersion:   Dev-Automation (0DF73D61-A23F-47EA-B727-89E90C41499A): 1
LogDevObjectVersion:   FortniteMain (601D1886-AC64-4F84-AA16-D3DE0DEAC7D6): 47
LogDevObjectVersion:   FortniteRelease (E7086368-6B23-4C58-8439-1B7016265E91): 1
LogDevObjectVersion:   Dev-Enterprise (9DFFBCD6-494F-0158-E221-12823C92A888): 10
LogDevObjectVersion:   Dev-Niagara (F2AED0AC-9AFE-416F-8664-AA7FFA26D6FC): 1
LogDevObjectVersion:   Dev-Destruction (174F1F0B-B4C6-45A5-B13F-2EE8D0FB917D): 10
LogDevObjectVersion:   Dev-Physics-Ext (35F94A83-E258-406C-A318-09F59610247C): 41
LogDevObjectVersion:   Dev-PhysicsMaterial-Chaos (B68FC16E-8B1B-42E2-B453-215C058844FE): 1
LogDevObjectVersion:   Dev-CineCamera (B2E18506-4273-CFC2-A54E-F4BB758BBA07): 1
LogDevObjectVersion:   Dev-VirtualProduction (64F58936-FD1B-42BA-BA96-7289D5D0FA4E): 1
LogDevObjectVersion:   Dev-MediaFramework (6F0ED827-A609-4895-9C91-998D90180EA4): 2
LogInit: Presizing for max 25165824 objects, including 0 objects not considered by GC, pre-allocating 0 bytes for permanent pool.
LogConfig: Applying CVar settings from Section [/Script/Engine.StreamingSettings] File [C:/Users/pmaha/Documents/GitHub/ProjectStudio2021/EndlessRunner/Saved/Config/Windows/Engine.ini]
LogConfig: Setting CVar [[s.MinBulkDataSizeForAsyncLoading:131072]]
LogConfig: Setting CVar [[s.AsyncLoadingThreadEnabled:0]]
LogConfig: Setting CVar [[s.EventDrivenLoaderEnabled:1]]
LogConfig: Setting CVar [[s.WarnIfTimeLimitExceeded:0]]
LogConfig: Setting CVar [[s.TimeLimitExceededMultiplier:1.5]]
LogConfig: Setting CVar [[s.TimeLimitExceededMinTime:0.005]]
LogConfig: Setting CVar [[s.UseBackgroundLevelStreaming:1]]
LogConfig: Setting CVar [[s.PriorityAsyncLoadingExtraTime:15.0]]
LogConfig: Setting CVar [[s.LevelStreamingActorsUpdateTimeLimit:5.0]]
LogConfig: Setting CVar [[s.PriorityLevelStreamingActorsUpdateExtraTime:5.0]]
LogConfig: Setting CVar [[s.LevelStreamingComponentsRegistrationGranularity:10]]
LogConfig: Setting CVar [[s.UnregisterComponentsTimeLimit:1.0]]
LogConfig: Setting CVar [[s.LevelStreamingComponentsUnregistrationGranularity:5]]
LogConfig: Setting CVar [[s.FlushStreamingOnExit:1]]
LogInit: Object subsystem initialized
LogConfig: Setting CVar [[con.DebugEarlyDefault:1]]
LogConfig: Setting CVar [[r.setres:1280x720]]
[2021.09.14-05.07.00:520][  0]LogConfig: Setting CVar [[r.VSync:0]]
[2021.09.14-05.07.00:521][  0]LogConfig: Setting CVar [[r.RHICmdBypass:0]]
[2021.09.14-05.07.00:521][  0]LogConfig: Applying CVar settings from Section [/Script/Engine.RendererSettings] File [C:/Users/pmaha/Documents/GitHub/ProjectStudio2021/EndlessRunner/Saved/Config/Windows/Engine.ini]
[2021.09.14-05.07.00:521][  0]LogConfig: Setting CVar [[r.GPUCrashDebugging:0]]
[2021.09.14-05.07.00:521][  0]LogConfig: Setting CVar [[r.MobileHDR:0]]
[2021.09.14-05.07.00:521][  0]LogConfig: Applying CVar settings from Section [/Script/Engine.RendererOverrideSettings] File [C:/Users/pmaha/Documents/GitHub/ProjectStudio2021/EndlessRunner/Saved/Config/Windows/Engine.ini]
[2021.09.14-05.07.00:521][  0]LogConfig: Applying CVar settings from Section [/Script/Engine.StreamingSettings] File [C:/Users/pmaha/Documents/GitHub/ProjectStudio2021/EndlessRunner/Saved/Config/Windows/Engine.ini]
[2021.09.14-05.07.00:521][  0]LogConfig: Setting CVar [[s.MinBulkDataSizeForAsyncLoading:131072]]
[2021.09.14-05.07.00:521][  0]LogConfig: Setting CVar [[s.AsyncLoadingThreadEnabled:0]]
[2021.09.14-05.07.00:521][  0]LogConfig: Setting CVar [[s.EventDrivenLoaderEnabled:1]]
[2021.09.14-05.07.00:521][  0]LogConfig: Setting CVar [[s.WarnIfTimeLimitExceeded:0]]
[2021.09.14-05.07.00:521][  0]LogConfig: Setting CVar [[s.TimeLimitExceededMultiplier:1.5]]
[2021.09.14-05.07.00:521][  0]LogConfig: Setting CVar [[s.TimeLimitExceededMinTime:0.005]]
[2021.09.14-05.07.00:521][  0]LogConfig: Setting CVar [[s.UseBackgroundLevelStreaming:1]]
[2021.09.14-05.07.00:521][  0]LogConfig: Setting CVar [[s.PriorityAsyncLoadingExtraTime:15.0]]
[2021.09.14-05.07.00:521][  0]LogConfig: Setting CVar [[s.LevelStreamingActorsUpdateTimeLimit:5.0]]
[2021.09.14-05.07.00:521][  0]LogConfig: Setting CVar [[s.PriorityLevelStreamingActorsUpdateExtraTime:5.0]]
[2021.09.14-05.07.00:521][  0]LogConfig: Setting CVar [[s.LevelStreamingComponentsRegistrationGranularity:10]]
[2021.09.14-05.07.00:521][  0]LogConfig: Setting CVar [[s.UnregisterComponentsTimeLimit:1.0]]
[2021.09.14-05.07.00:521][  0]LogConfig: Setting CVar [[s.LevelStreamingComponentsUnregistrationGranularity:5]]
[2021.09.14-05.07.00:521][  0]LogConfig: Setting CVar [[s.FlushStreamingOnExit:1]]
[2021.09.14-05.07.00:521][  0]LogConfig: Applying CVar settings from Section [/Script/Engine.GarbageCollectionSettings] File [C:/Users/pmaha/Documents/GitHub/ProjectStudio2021/EndlessRunner/Saved/Config/Windows/Engine.ini]
[2021.09.14-05.07.00:521][  0]LogConfig: Setting CVar [[gc.MaxObjectsNotConsideredByGC:1]]
[2021.09.14-05.07.00:521][  0]LogConfig: Setting CVar [[gc.SizeOfPermanentObjectPool:0]]
[2021.09.14-05.07.00:521][  0]LogConfig: Setting CVar [[gc.FlushStreamingOnGC:0]]
[2021.09.14-05.07.00:521][  0]LogConfig: Setting CVar [[gc.NumRetriesBeforeForcingGC:10]]
[2021.09.14-05.07.00:521][  0]LogConfig: Setting CVar [[gc.AllowParallelGC:1]]
[2021.09.14-05.07.00:521][  0]LogConfig: Setting CVar [[gc.TimeBetweenPurgingPendingKillObjects:61.1]]
[2021.09.14-05.07.00:521][  0]LogConfig: Setting CVar [[gc.MaxObjectsInEditor:25165824]]
[2021.09.14-05.07.00:521][  0]LogConfig: Setting CVar [[gc.IncrementalBeginDestroyEnabled:1]]
[2021.09.14-05.07.00:521][  0]LogConfig: Setting CVar [[gc.CreateGCClusters:1]]
[2021.09.14-05.07.00:521][  0]LogConfig: Setting CVar [[gc.MinGCClusterSize:5]]
[2021.09.14-05.07.00:521][  0]LogConfig: Setting CVar [[gc.ActorClusteringEnabled:0]]
[2021.09.14-05.07.00:521][  0]LogConfig: Setting CVar [[gc.BlueprintClusteringEnabled:0]]
[2021.09.14-05.07.00:521][  0]LogConfig: Setting CVar [[gc.UseDisregardForGCOnDedicatedServers:0]]
[2021.09.14-05.07.00:521][  0]LogConfig: Setting CVar [[gc.MultithreadedDestructionEnabled:1]]
[2021.09.14-05.07.00:521][  0]LogConfig: Applying CVar settings from Section [/Script/Engine.NetworkSettings] File [C:/Users/pmaha/Documents/GitHub/ProjectStudio2021/EndlessRunner/Saved/Config/Windows/Engine.ini]
[2021.09.14-05.07.00:521][  0]LogConfig: Applying CVar settings from Section [/Script/UnrealEd.CookerSettings] File [C:/Users/pmaha/Documents/GitHub/ProjectStudio2021/EndlessRunner/Saved/Config/Windows/Engine.ini]
[2021.09.14-05.07.00:569][  0]LogConfig: Applying CVar settings from Section [ViewDistanceQuality@3] File [C:/Users/pmaha/Documents/GitHub/ProjectStudio2021/EndlessRunner/Saved/Config/Windows/Scalability.ini]
[2021.09.14-05.07.00:569][  0]LogConfig: Setting CVar [[r.SkeletalMeshLODBias:0]]
[2021.09.14-05.07.00:569][  0]LogConfig: Setting CVar [[r.ViewDistanceScale:1.0]]
[2021.09.14-05.07.00:569][  0]LogConfig: Applying CVar settings from Section [AntiAliasingQuality@3] File [C:/Users/pmaha/Documents/GitHub/ProjectStudio2021/EndlessRunner/Saved/Config/Windows/Scalability.ini]
[2021.09.14-05.07.00:569][  0]LogConfig: Setting CVar [[r.PostProcessAAQuality:4]]
[2021.09.14-05.07.00:569][  0]LogConfig: Applying CVar settings from Section [ShadowQuality@3] File [C:/Users/pmaha/Documents/GitHub/ProjectStudio2021/EndlessRunner/Saved/Config/Windows/Scalability.ini]
[2021.09.14-05.07.00:569][  0]LogConfig: Setting CVar [[r.LightFunctionQuality:1]]
[2021.09.14-05.07.00:569][  0]LogConfig: Setting CVar [[r.ShadowQuality:5]]
[2021.09.14-05.07.00:569][  0]LogConfig: Setting CVar [[r.Shadow.CSM.MaxCascades:10]]
[2021.09.14-05.07.00:569][  0]LogConfig: Setting CVar [[r.Shadow.MaxResolution:2048]]
[2021.09.14-05.07.00:569][  0]LogConfig: Setting CVar [[r.Shadow.MaxCSMResolution:2048]]
[2021.09.14-05.07.00:569][  0]LogConfig: Setting CVar [[r.Shadow.RadiusThreshold:0.01]]
[2021.09.14-05.07.00:569][  0]LogConfig: Setting CVar [[r.Shadow.DistanceScale:1.0]]
[2021.09.14-05.07.00:569][  0]LogConfig: Setting CVar [[r.Shadow.CSM.TransitionScale:1.0]]
[2021.09.14-05.07.00:569][  0]LogConfig: Setting CVar [[r.Shadow.PreShadowResolutionFactor:1.0]]
[2021.09.14-05.07.00:569][  0]LogConfig: Setting CVar [[r.DistanceFieldShadowing:1]]
[2021.09.14-05.07.00:569][  0]LogConfig: Setting CVar [[r.DistanceFieldAO:1]]
[2021.09.14-05.07.00:569][  0]LogConfig: Setting CVar [[r.AOQuality:2]]
[2021.09.14-05.07.00:569][  0]LogConfig: Setting CVar [[r.VolumetricFog:1]]
[2021.09.14-05.07.00:569][  0]LogConfig: Setting CVar [[r.VolumetricFog.GridPixelSize:8]]
[2021.09.14-05.07.00:569][  0]LogConfig: Setting CVar [[r.VolumetricFog.GridSizeZ:128]]
[2021.09.14-05.07.00:569][  0]LogConfig: Setting CVar [[r.VolumetricFog.HistoryMissSupersampleCount:4]]
[2021.09.14-05.07.00:569][  0]LogConfig: Setting CVar [[r.LightMaxDrawDistanceScale:1]]
[2021.09.14-05.07.00:569][  0]LogConfig: Setting CVar [[r.CapsuleShadows:1]]
[2021.09.14-05.07.00:569][  0]LogConfig: Applying CVar settings from Section [PostProcessQuality@3] File [C:/Users/pmaha/Documents/GitHub/ProjectStudio2021/EndlessRunner/Saved/Config/Windows/Scalability.ini]
[2021.09.14-05.07.00:569][  0]LogConfig: Setting CVar [[r.MotionBlurQuality:4]]
[2021.09.14-05.07.00:569][  0]LogConfig: Setting CVar [[r.AmbientOcclusionMipLevelFactor:0.4]]
[2021.09.14-05.07.00:569][  0]LogConfig: Setting CVar [[r.AmbientOcclusionMaxQuality:100]]
[2021.09.14-05.07.00:569][  0]LogConfig: Setting CVar [[r.AmbientOcclusionLevels:-1]]
[2021.09.14-05.07.00:569][  0]LogConfig: Setting CVar [[r.AmbientOcclusionRadiusScale:1.0]]
[2021.09.14-05.07.00:569][  0]LogConfig: Setting CVar [[r.DepthOfFieldQuality:2]]
[2021.09.14-05.07.00:569][  0]LogConfig: Setting CVar [[r.RenderTargetPoolMin:400]]
[2021.09.14-05.07.00:569][  0]LogConfig: Setting CVar [[r.LensFlareQuality:2]]
[2021.09.14-05.07.00:569][  0]LogConfig: Setting CVar [[r.SceneColorFringeQuality:1]]
[2021.09.14-05.07.00:569][  0]LogConfig: Setting CVar [[r.EyeAdaptationQuality:2]]
[2021.09.14-05.07.00:569][  0]LogConfig: Setting CVar [[r.BloomQuality:5]]
[2021.09.14-05.07.00:569][  0]LogConfig: Setting CVar [[r.FastBlurThreshold:100]]
[2021.09.14-05.07.00:569][  0]LogConfig: Setting CVar [[r.Upscale.Quality:3]]
[2021.09.14-05.07.00:569][  0]LogConfig: Setting CVar [[r.Tonemapper.GrainQuantization:1]]
[2021.09.14-05.07.00:569][  0]LogConfig: Setting CVar [[r.LightShaftQuality:1]]
[2021.09.14-05.07.00:569][  0]LogConfig: Setting CVar [[r.Filter.SizeScale:1]]
[2021.09.14-05.07.00:569][  0]LogConfig: Setting CVar [[r.Tonemapper.Quality:5]]
[2021.09.14-05.07.00:569][  0]LogConfig: Setting CVar [[r.DOF.Gather.AccumulatorQuality:1        ; higher gathering accumulator quality]]
[2021.09.14-05.07.00:570][  0]LogConfig: Setting CVar [[r.DOF.Gather.PostfilterMethod:1          ; Median3x3 postfilering method]]
[2021.09.14-05.07.00:570][  0]LogConfig: Setting CVar [[r.DOF.Gather.EnableBokehSettings:0       ; no bokeh simulation when gathering]]
[2021.09.14-05.07.00:570][  0]LogConfig: Setting CVar [[r.DOF.Gather.RingCount:4                 ; medium number of samples when gathering]]
[2021.09.14-05.07.00:570][  0]LogConfig: Setting CVar [[r.DOF.Scatter.ForegroundCompositing:1    ; additive foreground scattering]]
[2021.09.14-05.07.00:570][  0]LogConfig: Setting CVar [[r.DOF.Scatter.BackgroundCompositing:2    ; additive background scattering]]
[2021.09.14-05.07.00:570][  0]LogConfig: Setting CVar [[r.DOF.Scatter.EnableBokehSettings:1      ; bokeh simulation when scattering]]
[2021.09.14-05.07.00:570][  0]LogConfig: Setting CVar [[r.DOF.Scatter.MaxSpriteRatio:0.1         ; only a maximum of 10% of scattered bokeh]]
[2021.09.14-05.07.00:570][  0]LogConfig: Setting CVar [[r.DOF.Recombine.Quality:1                ; cheap slight out of focus]]
[2021.09.14-05.07.00:570][  0]LogConfig: Setting CVar [[r.DOF.Recombine.EnableBokehSettings:0    ; no bokeh simulation on slight out of focus]]
[2021.09.14-05.07.00:570][  0]LogConfig: Setting CVar [[r.DOF.TemporalAAQuality:1                ; more stable temporal accumulation]]
[2021.09.14-05.07.00:570][  0]LogConfig: Setting CVar [[r.DOF.Kernel.MaxForegroundRadius:0.025]]
[2021.09.14-05.07.00:570][  0]LogConfig: Setting CVar [[r.DOF.Kernel.MaxBackgroundRadius:0.025]]
[2021.09.14-05.07.00:570][  0]LogConfig: Applying CVar settings from Section [TextureQuality@3] File [C:/Users/pmaha/Documents/GitHub/ProjectStudio2021/EndlessRunner/Saved/Config/Windows/Scalability.ini]
[2021.09.14-05.07.00:570][  0]LogConfig: Setting CVar [[r.Streaming.MipBias:0]]
[2021.09.14-05.07.00:570][  0]LogConfig: Setting CVar [[r.Streaming.AmortizeCPUToGPUCopy:0]]
[2021.09.14-05.07.00:570][  0]LogConfig: Setting CVar [[r.Streaming.MaxNumTexturesToStreamPerFrame:0]]
[2021.09.14-05.07.00:570][  0]LogConfig: Setting CVar [[r.Streaming.Boost:1]]
[2021.09.14-05.07.00:570][  0]LogConfig: Setting CVar [[r.MaxAnisotropy:8]]
[2021.09.14-05.07.00:570][  0]LogConfig: Setting CVar [[r.VT.MaxAnisotropy:8]]
[2021.09.14-05.07.00:570][  0]LogConfig: Setting CVar [[r.Streaming.LimitPoolSizeToVRAM:0]]
[2021.09.14-05.07.00:570][  0]LogConfig: Setting CVar [[r.Streaming.PoolSize:1000]]
[2021.09.14-05.07.00:570][  0]LogConfig: Setting CVar [[r.Streaming.MaxEffectiveScreenSize:0]]
[2021.09.14-05.07.00:570][  0]LogConfig: Applying CVar settings from Section [EffectsQuality@3] File [C:/Users/pmaha/Documents/GitHub/ProjectStudio2021/EndlessRunner/Saved/Config/Windows/Scalability.ini]
[2021.09.14-05.07.00:570][  0]LogConfig: Setting CVar [[r.TranslucencyLightingVolumeDim:64]]
[2021.09.14-05.07.00:570][  0]LogConfig: Setting CVar [[r.RefractionQuality:2]]
[2021.09.14-05.07.00:570][  0]LogConfig: Setting CVar [[r.SSR.Quality:3]]
[2021.09.14-05.07.00:570][  0]LogConfig: Setting CVar [[r.SSR.HalfResSceneColor:0]]
[2021.09.14-05.07.00:570][  0]LogConfig: Setting CVar [[r.SceneColorFormat:4]]
[2021.09.14-05.07.00:570][  0]LogConfig: Setting CVar [[r.DetailMode:2]]
[2021.09.14-05.07.00:570][  0]LogConfig: Setting CVar [[r.TranslucencyVolumeBlur:1]]
[2021.09.14-05.07.00:570][  0]LogConfig: Setting CVar [[r.MaterialQualityLevel:1 ; High quality]]
[2021.09.14-05.07.00:570][  0]LogConfig: Setting CVar [[r.AnisotropicMaterials:1]]
[2021.09.14-05.07.00:570][  0]LogConfig: Setting CVar [[r.SSS.Scale:1]]
[2021.09.14-05.07.00:570][  0]LogConfig: Setting CVar [[r.SSS.SampleSet:2]]
[2021.09.14-05.07.00:570][  0]LogConfig: Setting CVar [[r.SSS.Quality:1]]
[2021.09.14-05.07.00:570][  0]LogConfig: Setting CVar [[r.SSS.HalfRes:0]]
[2021.09.14-05.07.00:570][  0]LogConfig: Setting CVar [[r.SSGI.Quality:3]]
[2021.09.14-05.07.00:570][  0]LogConfig: Setting CVar [[r.EmitterSpawnRateScale:1.0]]
[2021.09.14-05.07.00:570][  0]LogConfig: Setting CVar [[r.ParticleLightQuality:2]]
[2021.09.14-05.07.00:570][  0]LogConfig: Setting CVar [[r.SkyAtmosphere.AerialPerspectiveLUT.FastApplyOnOpaque:1 ; Always have FastSkyLUT 1 in this case to avoid wrong sky]]
[2021.09.14-05.07.00:570][  0]LogConfig: Setting CVar [[r.SkyAtmosphere.AerialPerspectiveLUT.SampleCountMaxPerSlice:4]]
[2021.09.14-05.07.00:570][  0]LogConfig: Setting CVar [[r.SkyAtmosphere.AerialPerspectiveLUT.DepthResolution:16.0]]
[2021.09.14-05.07.00:570][  0]LogConfig: Setting CVar [[r.SkyAtmosphere.FastSkyLUT:1]]
[2021.09.14-05.07.00:570][  0]LogConfig: Setting CVar [[r.SkyAtmosphere.FastSkyLUT.SampleCountMin:4.0]]
[2021.09.14-05.07.00:570][  0]LogConfig: Setting CVar [[r.SkyAtmosphere.FastSkyLUT.SampleCountMax:128.0]]
[2021.09.14-05.07.00:570][  0]LogConfig: Setting CVar [[r.SkyAtmosphere.SampleCountMin:4.0]]
[2021.09.14-05.07.00:570][  0]LogConfig: Setting CVar [[r.SkyAtmosphere.SampleCountMax:128.0]]
[2021.09.14-05.07.00:570][  0]LogConfig: Setting CVar [[r.SkyAtmosphere.TransmittanceLUT.UseSmallFormat:0]]
[2021.09.14-05.07.00:570][  0]LogConfig: Setting CVar [[r.SkyAtmosphere.TransmittanceLUT.SampleCount:10.0]]
[2021.09.14-05.07.00:570][  0]LogConfig: Setting CVar [[r.SkyAtmosphere.MultiScatteringLUT.SampleCount:15.0]]
[2021.09.14-05.07.00:570][  0]LogConfig: Setting CVar [[r.SkyLight.RealTimeReflectionCapture:1]]
[2021.09.14-05.07.00:570][  0]LogConfig: Applying CVar settings from Section [FoliageQuality@3] File [C:/Users/pmaha/Documents/GitHub/ProjectStudio2021/EndlessRunner/Saved/Config/Windows/Scalability.ini]
[2021.09.14-05.07.00:570][  0]LogConfig: Setting CVar [[foliage.DensityScale:1.0]]
[2021.09.14-05.07.00:570][  0]LogConfig: Setting CVar [[grass.DensityScale:1.0]]
[2021.09.14-05.07.00:570][  0]LogConfig: Applying CVar settings from Section [ShadingQuality@3] File [C:/Users/pmaha/Documents/GitHub/ProjectStudio2021/EndlessRunner/Saved/Config/Windows/Scalability.ini]
[2021.09.14-05.07.00:570][  0]LogConfig: Setting CVar [[r.HairStrands.SkyLighting.IntegrationType:2]]
[2021.09.14-05.07.00:570][  0]LogConfig: Setting CVar [[r.HairStrands.SkyAO.SampleCount:4]]
[2021.09.14-05.07.00:570][  0]LogConfig: Setting CVar [[r.HairStrands.Visibility.MSAA.SamplePerPixel:4]]
[2021.09.14-05.07.00:570][  0]LogInit: Selected Device Profile: [Windows]
[2021.09.14-05.07.00:570][  0]LogInit: Applying CVar settings loaded from the selected device profile: [Windows]
[2021.09.14-05.07.00:570][  0]LogHAL: Display: Platform has ~ 32 GB [34287259648 / 34359738368 / 32], which maps to Largest [LargestMinGB=32, LargerMinGB=12, DefaultMinGB=8, SmallerMinGB=6, SmallestMinGB=0)
[2021.09.14-05.07.00:570][  0]LogInit: Going up to parent DeviceProfile []
[2021.09.14-05.07.00:571][  0]LogConfig: Applying CVar settings from Section [ViewDistanceQuality@3] File [C:/Users/pmaha/Documents/GitHub/ProjectStudio2021/EndlessRunner/Saved/Config/Windows/Scalability.ini]
[2021.09.14-05.07.00:571][  0]LogConfig: Setting CVar [[r.SkeletalMeshLODBias:0]]
[2021.09.14-05.07.00:571][  0]LogConfig: Setting CVar [[r.ViewDistanceScale:1.0]]
[2021.09.14-05.07.00:571][  0]LogConfig: Applying CVar settings from Section [AntiAliasingQuality@3] File [C:/Users/pmaha/Documents/GitHub/ProjectStudio2021/EndlessRunner/Saved/Config/Windows/Scalability.ini]
[2021.09.14-05.07.00:571][  0]LogConfig: Setting CVar [[r.PostProcessAAQuality:4]]
[2021.09.14-05.07.00:571][  0]LogConfig: Applying CVar settings from Section [ShadowQuality@3] File [C:/Users/pmaha/Documents/GitHub/ProjectStudio2021/EndlessRunner/Saved/Config/Windows/Scalability.ini]
[2021.09.14-05.07.00:571][  0]LogConfig: Setting CVar [[r.LightFunctionQuality:1]]
[2021.09.14-05.07.00:571][  0]LogConfig: Setting CVar [[r.ShadowQuality:5]]
[2021.09.14-05.07.00:571][  0]LogConfig: Setting CVar [[r.Shadow.CSM.MaxCascades:10]]
[2021.09.14-05.07.00:571][  0]LogConfig: Setting CVar [[r.Shadow.MaxResolution:2048]]
[2021.09.14-05.07.00:571][  0]LogConfig: Setting CVar [[r.Shadow.MaxCSMResolution:2048]]
[2021.09.14-05.07.00:571][  0]LogConfig: Setting CVar [[r.Shadow.RadiusThreshold:0.01]]
[2021.09.14-05.07.00:571][  0]LogConfig: Setting CVar [[r.Shadow.DistanceScale:1.0]]
[2021.09.14-05.07.00:571][  0]LogConfig: Setting CVar [[r.Shadow.CSM.TransitionScale:1.0]]
[2021.09.14-05.07.00:571][  0]LogConfig: Setting CVar [[r.Shadow.PreShadowResolutionFactor:1.0]]
[2021.09.14-05.07.00:571][  0]LogConfig: Setting CVar [[r.DistanceFieldShadowing:1]]
[2021.09.14-05.07.00:571][  0]LogConfig: Setting CVar [[r.DistanceFieldAO:1]]
[2021.09.14-05.07.00:571][  0]LogConfig: Setting CVar [[r.AOQuality:2]]
[2021.09.14-05.07.00:571][  0]LogConfig: Setting CVar [[r.VolumetricFog:1]]
[2021.09.14-05.07.00:571][  0]LogConfig: Setting CVar [[r.VolumetricFog.GridPixelSize:8]]
[2021.09.14-05.07.00:571][  0]LogConfig: Setting CVar [[r.VolumetricFog.GridSizeZ:128]]
[2021.09.14-05.07.00:571][  0]LogConfig: Setting CVar [[r.VolumetricFog.HistoryMissSupersampleCount:4]]
[2021.09.14-05.07.00:571][  0]LogConfig: Setting CVar [[r.LightMaxDrawDistanceScale:1]]
[2021.09.14-05.07.00:571][  0]LogConfig: Setting CVar [[r.CapsuleShadows:1]]
[2021.09.14-05.07.00:571][  0]LogConfig: Applying CVar settings from Section [PostProcessQuality@3] File [C:/Users/pmaha/Documents/GitHub/ProjectStudio2021/EndlessRunner/Saved/Config/Windows/Scalability.ini]
[2021.09.14-05.07.00:571][  0]LogConfig: Setting CVar [[r.MotionBlurQuality:4]]
[2021.09.14-05.07.00:571][  0]LogConfig: Setting CVar [[r.AmbientOcclusionMipLevelFactor:0.4]]
[2021.09.14-05.07.00:571][  0]LogConfig: Setting CVar [[r.AmbientOcclusionMaxQuality:100]]
[2021.09.14-05.07.00:571][  0]LogConfig: Setting CVar [[r.AmbientOcclusionLevels:-1]]
[2021.09.14-05.07.00:571][  0]LogConfig: Setting CVar [[r.AmbientOcclusionRadiusScale:1.0]]
[2021.09.14-05.07.00:571][  0]LogConfig: Setting CVar [[r.DepthOfFieldQuality:2]]
[2021.09.14-05.07.00:571][  0]LogConfig: Setting CVar [[r.RenderTargetPoolMin:400]]
[2021.09.14-05.07.00:571][  0]LogConfig: Setting CVar [[r.LensFlareQuality:2]]
[2021.09.14-05.07.00:571][  0]LogConfig: Setting CVar [[r.SceneColorFringeQuality:1]]
[2021.09.14-05.07.00:571][  0]LogConfig: Setting CVar [[r.EyeAdaptationQuality:2]]
[2021.09.14-05.07.00:571][  0]LogConfig: Setting CVar [[r.BloomQuality:5]]
[2021.09.14-05.07.00:571][  0]LogConfig: Setting CVar [[r.FastBlurThreshold:100]]
[2021.09.14-05.07.00:571][  0]LogConfig: Setting CVar [[r.Upscale.Quality:3]]
[2021.09.14-05.07.00:571][  0]LogConfig: Setting CVar [[r.Tonemapper.GrainQuantization:1]]
[2021.09.14-05.07.00:571][  0]LogConfig: Setting CVar [[r.LightShaftQuality:1]]
[2021.09.14-05.07.00:571][  0]LogConfig: Setting CVar [[r.Filter.SizeScale:1]]
[2021.09.14-05.07.00:571][  0]LogConfig: Setting CVar [[r.Tonemapper.Quality:5]]
[2021.09.14-05.07.00:571][  0]LogConfig: Setting CVar [[r.DOF.Gather.AccumulatorQuality:1        ; higher gathering accumulator quality]]
[2021.09.14-05.07.00:571][  0]LogConfig: Setting CVar [[r.DOF.Gather.PostfilterMethod:1          ; Median3x3 postfilering method]]
[2021.09.14-05.07.00:571][  0]LogConfig: Setting CVar [[r.DOF.Gather.EnableBokehSettings:0       ; no bokeh simulation when gathering]]
[2021.09.14-05.07.00:571][  0]LogConfig: Setting CVar [[r.DOF.Gather.RingCount:4                 ; medium number of samples when gathering]]
[2021.09.14-05.07.00:571][  0]LogConfig: Setting CVar [[r.DOF.Scatter.ForegroundCompositing:1    ; additive foreground scattering]]
[2021.09.14-05.07.00:571][  0]LogConfig: Setting CVar [[r.DOF.Scatter.BackgroundCompositing:2    ; additive background scattering]]
[2021.09.14-05.07.00:571][  0]LogConfig: Setting CVar [[r.DOF.Scatter.EnableBokehSettings:1      ; bokeh simulation when scattering]]
[2021.09.14-05.07.00:571][  0]LogConfig: Setting CVar [[r.DOF.Scatter.MaxSpriteRatio:0.1         ; only a maximum of 10% of scattered bokeh]]
[2021.09.14-05.07.00:571][  0]LogConfig: Setting CVar [[r.DOF.Recombine.Quality:1                ; cheap slight out of focus]]
[2021.09.14-05.07.00:571][  0]LogConfig: Setting CVar [[r.DOF.Recombine.EnableBokehSettings:0    ; no bokeh simulation on slight out of focus]]
[2021.09.14-05.07.00:571][  0]LogConfig: Setting CVar [[r.DOF.TemporalAAQuality:1                ; more stable temporal accumulation]]
[2021.09.14-05.07.00:571][  0]LogConfig: Setting CVar [[r.DOF.Kernel.MaxForegroundRadius:0.025]]
[2021.09.14-05.07.00:571][  0]LogConfig: Setting CVar [[r.DOF.Kernel.MaxBackgroundRadius:0.025]]
[2021.09.14-05.07.00:571][  0]LogConfig: Applying CVar settings from Section [TextureQuality@3] File [C:/Users/pmaha/Documents/GitHub/ProjectStudio2021/EndlessRunner/Saved/Config/Windows/Scalability.ini]
[2021.09.14-05.07.00:571][  0]LogConfig: Setting CVar [[r.Streaming.MipBias:0]]
[2021.09.14-05.07.00:571][  0]LogConfig: Setting CVar [[r.Streaming.AmortizeCPUToGPUCopy:0]]
[2021.09.14-05.07.00:571][  0]LogConfig: Setting CVar [[r.Streaming.MaxNumTexturesToStreamPerFrame:0]]
[2021.09.14-05.07.00:571][  0]LogConfig: Setting CVar [[r.Streaming.Boost:1]]
[2021.09.14-05.07.00:571][  0]LogConfig: Setting CVar [[r.MaxAnisotropy:8]]
[2021.09.14-05.07.00:571][  0]LogConfig: Setting CVar [[r.VT.MaxAnisotropy:8]]
[2021.09.14-05.07.00:571][  0]LogConfig: Setting CVar [[r.Streaming.LimitPoolSizeToVRAM:0]]
[2021.09.14-05.07.00:571][  0]LogConfig: Setting CVar [[r.Streaming.PoolSize:1000]]
[2021.09.14-05.07.00:571][  0]LogConfig: Setting CVar [[r.Streaming.MaxEffectiveScreenSize:0]]
[2021.09.14-05.07.00:571][  0]LogConfig: Applying CVar settings from Section [EffectsQuality@3] File [C:/Users/pmaha/Documents/GitHub/ProjectStudio2021/EndlessRunner/Saved/Config/Windows/Scalability.ini]
[2021.09.14-05.07.00:572][  0]LogConfig: Setting CVar [[r.TranslucencyLightingVolumeDim:64]]
[2021.09.14-05.07.00:572][  0]LogConfig: Setting CVar [[r.RefractionQuality:2]]
[2021.09.14-05.07.00:572][  0]LogConfig: Setting CVar [[r.SSR.Quality:3]]
[2021.09.14-05.07.00:572][  0]LogConfig: Setting CVar [[r.SSR.HalfResSceneColor:0]]
[2021.09.14-05.07.00:572][  0]LogConfig: Setting CVar [[r.SceneColorFormat:4]]
[2021.09.14-05.07.00:572][  0]LogConfig: Setting CVar [[r.DetailMode:2]]
[2021.09.14-05.07.00:572][  0]LogConfig: Setting CVar [[r.TranslucencyVolumeBlur:1]]
[2021.09.14-05.07.00:572][  0]LogConfig: Setting CVar [[r.MaterialQualityLevel:1 ; High quality]]
[2021.09.14-05.07.00:572][  0]LogConfig: Setting CVar [[r.AnisotropicMaterials:1]]
[2021.09.14-05.07.00:572][  0]LogConfig: Setting CVar [[r.SSS.Scale:1]]
[2021.09.14-05.07.00:572][  0]LogConfig: Setting CVar [[r.SSS.SampleSet:2]]
[2021.09.14-05.07.00:572][  0]LogConfig: Setting CVar [[r.SSS.Quality:1]]
[2021.09.14-05.07.00:572][  0]LogConfig: Setting CVar [[r.SSS.HalfRes:0]]
[2021.09.14-05.07.00:572][  0]LogConfig: Setting CVar [[r.SSGI.Quality:3]]
[2021.09.14-05.07.00:572][  0]LogConfig: Setting CVar [[r.EmitterSpawnRateScale:1.0]]
[2021.09.14-05.07.00:572][  0]LogConfig: Setting CVar [[r.ParticleLightQuality:2]]
[2021.09.14-05.07.00:572][  0]LogConfig: Setting CVar [[r.SkyAtmosphere.AerialPerspectiveLUT.FastApplyOnOpaque:1 ; Always have FastSkyLUT 1 in this case to avoid wrong sky]]
[2021.09.14-05.07.00:572][  0]LogConfig: Setting CVar [[r.SkyAtmosphere.AerialPerspectiveLUT.SampleCountMaxPerSlice:4]]
[2021.09.14-05.07.00:572][  0]LogConfig: Setting CVar [[r.SkyAtmosphere.AerialPerspectiveLUT.DepthResolution:16.0]]
[2021.09.14-05.07.00:572][  0]LogConfig: Setting CVar [[r.SkyAtmosphere.FastSkyLUT:1]]
[2021.09.14-05.07.00:572][  0]LogConfig: Setting CVar [[r.SkyAtmosphere.FastSkyLUT.SampleCountMin:4.0]]
[2021.09.14-05.07.00:572][  0]LogConfig: Setting CVar [[r.SkyAtmosphere.FastSkyLUT.SampleCountMax:128.0]]
[2021.09.14-05.07.00:572][  0]LogConfig: Setting CVar [[r.SkyAtmosphere.SampleCountMin:4.0]]
[2021.09.14-05.07.00:572][  0]LogConfig: Setting CVar [[r.SkyAtmosphere.SampleCountMax:128.0]]
[2021.09.14-05.07.00:572][  0]LogConfig: Setting CVar [[r.SkyAtmosphere.TransmittanceLUT.UseSmallFormat:0]]
[2021.09.14-05.07.00:572][  0]LogConfig: Setting CVar [[r.SkyAtmosphere.TransmittanceLUT.SampleCount:10.0]]
[2021.09.14-05.07.00:572][  0]LogConfig: Setting CVar [[r.SkyAtmosphere.MultiScatteringLUT.SampleCount:15.0]]
[2021.09.14-05.07.00:572][  0]LogConfig: Setting CVar [[r.SkyLight.RealTimeReflectionCapture:1]]
[2021.09.14-05.07.00:572][  0]LogConfig: Applying CVar settings from Section [FoliageQuality@3] File [C:/Users/pmaha/Documents/GitHub/ProjectStudio2021/EndlessRunner/Saved/Config/Windows/Scalability.ini]
[2021.09.14-05.07.00:572][  0]LogConfig: Setting CVar [[foliage.DensityScale:1.0]]
[2021.09.14-05.07.00:572][  0]LogConfig: Setting CVar [[grass.DensityScale:1.0]]
[2021.09.14-05.07.00:572][  0]LogConfig: Applying CVar settings from Section [ShadingQuality@3] File [C:/Users/pmaha/Documents/GitHub/ProjectStudio2021/EndlessRunner/Saved/Config/Windows/Scalability.ini]
[2021.09.14-05.07.00:572][  0]LogConfig: Setting CVar [[r.HairStrands.SkyLighting.IntegrationType:2]]
[2021.09.14-05.07.00:572][  0]LogConfig: Setting CVar [[r.HairStrands.SkyAO.SampleCount:4]]
[2021.09.14-05.07.00:572][  0]LogConfig: Setting CVar [[r.HairStrands.Visibility.MSAA.SamplePerPixel:4]]
[2021.09.14-05.07.00:572][  0]LogConfig: Applying CVar settings from Section [Startup] File [../../../Engine/Config/ConsoleVariables.ini]
[2021.09.14-05.07.00:572][  0]LogConfig: Setting CVar [[net.UseAdaptiveNetUpdateFrequency:0]]
[2021.09.14-05.07.00:572][  0]LogConfig: Setting CVar [[p.chaos.AllowCreatePhysxBodies:1]]
[2021.09.14-05.07.00:572][  0]LogConfig: Setting CVar [[fx.SkipVectorVMBackendOptimizations:1]]
[2021.09.14-05.07.00:572][  0]LogConfig: Applying CVar settings from Section [ConsoleVariables] File [C:/Users/pmaha/Documents/GitHub/ProjectStudio2021/EndlessRunner/Saved/Config/Windows/Engine.ini]
[2021.09.14-05.07.00:573][  0]LogConfig: Applying CVar settings from Section [ConsoleVariables] File [C:/Users/pmaha/Documents/GitHub/ProjectStudio2021/EndlessRunner/Saved/Config/Windows/Editor.ini]
[2021.09.14-05.07.00:573][  0]LogInit: Computer: SHENPM
[2021.09.14-05.07.00:573][  0]LogInit: User: pmaha
[2021.09.14-05.07.00:573][  0]LogInit: CPU Page size=4096, Cores=4
[2021.09.14-05.07.00:573][  0]LogInit: High frequency timer resolution =10.000000 MHz
[2021.09.14-05.07.00:573][  0]LogMemory: Memory total: Physical=31.9GB (32GB approx)
[2021.09.14-05.07.00:573][  0]LogMemory: Platform Memory Stats for Windows
[2021.09.14-05.07.00:573][  0]LogMemory: Process Physical Memory: 144.76 MB used, 144.76 MB peak
[2021.09.14-05.07.00:573][  0]LogMemory: Process Virtual Memory: 128.41 MB used, 128.41 MB peak
[2021.09.14-05.07.00:573][  0]LogMemory: Physical Memory: 11481.82 MB used,  21217.06 MB free, 32698.88 MB total
[2021.09.14-05.07.00:573][  0]LogMemory: Virtual Memory: 134196048.00 MB used,  21682.95 MB free, 134217728.00 MB total
[2021.09.14-05.07.00:583][  0]LogWindows: WindowsPlatformFeatures enabled
[2021.09.14-05.07.00:708][  0]LogInit: Physics initialised using underlying interface: PhysX
[2021.09.14-05.07.00:709][  0]LogInit: Using OS detected language (en-US).
[2021.09.14-05.07.00:709][  0]LogInit: Using OS detected locale (en-AU).
[2021.09.14-05.07.00:715][  0]LogTextLocalizationManager: No specific localization for 'en-US' exists, so the 'en' localization will be used.
[2021.09.14-05.07.00:931][  0]LogInit: Setting process to per monitor DPI aware
[2021.09.14-05.07.00:963][  0]LogWindowsTextInputMethodSystem: Display: IME system deactivated.
[2021.09.14-05.07.00:990][  0]LogSlate: New Slate User Created.  User Index 0, Is Virtual User: 0
[2021.09.14-05.07.00:990][  0]LogSlate: Slate User Registered.  User Index 0, Is Virtual User: 0
[2021.09.14-05.07.01:392][  0]LogD3D11RHI: Loaded GFSDK_Aftermath_Lib.x64.dll
[2021.09.14-05.07.01:398][  0]LogHMD: Failed to initialize OpenVR with code 110
[2021.09.14-05.07.01:398][  0]LogD3D11RHI: D3D11 min allowed feature level: 11_0
[2021.09.14-05.07.01:399][  0]LogD3D11RHI: D3D11 max allowed feature level: 11_0
[2021.09.14-05.07.01:399][  0]LogD3D11RHI: D3D11 adapters:
[2021.09.14-05.07.01:508][  0]LogD3D11RHI:    0. 'NVIDIA GeForce GTX TITAN X' (Feature Level 11_0)
[2021.09.14-05.07.01:508][  0]LogD3D11RHI:       12238/0/16349 MB DedicatedVideo/DedicatedSystem/SharedSystem, Outputs:2, VendorId:0x10de
[2021.09.14-05.07.01:512][  0]LogD3D11RHI:    1. 'Microsoft Basic Render Driver' (Feature Level 11_0)
[2021.09.14-05.07.01:512][  0]LogD3D11RHI:       0/0/16349 MB DedicatedVideo/DedicatedSystem/SharedSystem, Outputs:0, VendorId:0x1414
[2021.09.14-05.07.01:512][  0]LogD3D11RHI: Chosen D3D11 Adapter: 0
[2021.09.14-05.07.01:519][  0]LogD3D11RHI: Creating new Direct3DDevice
[2021.09.14-05.07.01:519][  0]LogD3D11RHI:     GPU DeviceId: 0x17c2 (for the marketing name, search the web for "GPU Device Id")
[2021.09.14-05.07.01:519][  0]LogWindows: EnumDisplayDevices:
[2021.09.14-05.07.01:520][  0]LogWindows:    0. 'NVIDIA GeForce GTX TITAN X' (P:1 D:1)
[2021.09.14-05.07.01:520][  0]LogWindows:    1. 'NVIDIA GeForce GTX TITAN X' (P:0 D:1)
[2021.09.14-05.07.01:521][  0]LogWindows:    2. 'NVIDIA GeForce GTX TITAN X' (P:0 D:0)
[2021.09.14-05.07.01:522][  0]LogWindows:    3. 'NVIDIA GeForce GTX TITAN X' (P:0 D:0)
[2021.09.14-05.07.01:523][  0]LogWindows: DebugString: FoundDriverCount:4 
[2021.09.14-05.07.01:523][  0]LogD3D11RHI:     Adapter Name: NVIDIA GeForce GTX TITAN X
[2021.09.14-05.07.01:523][  0]LogD3D11RHI:   Driver Version: 471.96 (internal:30.0.14.7196, unified:471.96)
[2021.09.14-05.07.01:523][  0]LogD3D11RHI:      Driver Date: 8-27-2021
[2021.09.14-05.07.01:523][  0]LogRHI: Texture pool is 8567 MB (70% of 12238 MB)
[2021.09.14-05.07.01:619][  0]LogD3D11RHI: RHI has support for 64 bit atomics
[2021.09.14-05.07.01:619][  0]LogD3D11RHI: Async texture creation enabled
[2021.09.14-05.07.01:619][  0]LogD3D11RHI: Array index from any shader is supported
[2021.09.14-05.07.01:643][  0]LogD3D11RHI: GPU Timing Frequency: 1000.000000 (Debug: 2 1)
[2021.09.14-05.07.01:746][  0]LogRHI: GeForceNow SDK initialized: 1
[2021.09.14-05.07.02:287][  0]LogTargetPlatformManager: Display: Loaded TargetPlatform 'AllDesktop'
[2021.09.14-05.07.02:310][  0]LogTargetPlatformManager: Display: Loaded TargetPlatform 'Android'
[2021.09.14-05.07.02:310][  0]LogTargetPlatformManager: Display: Loaded TargetPlatform 'Android_ASTC'
[2021.09.14-05.07.02:310][  0]LogTargetPlatformManager: Display: Loaded TargetPlatform 'Android_DXT'
[2021.09.14-05.07.02:310][  0]LogTargetPlatformManager: Display: Loaded TargetPlatform 'Android_ETC2'
[2021.09.14-05.07.02:310][  0]LogTargetPlatformManager: Display: Loaded TargetPlatform 'AndroidClient'
[2021.09.14-05.07.02:310][  0]LogTargetPlatformManager: Display: Loaded TargetPlatform 'Android_ASTCClient'
[2021.09.14-05.07.02:310][  0]LogTargetPlatformManager: Display: Loaded TargetPlatform 'Android_DXTClient'
[2021.09.14-05.07.02:310][  0]LogTargetPlatformManager: Display: Loaded TargetPlatform 'Android_ETC2Client'
[2021.09.14-05.07.02:310][  0]LogTargetPlatformManager: Display: Loaded TargetPlatform 'Android_Multi'
[2021.09.14-05.07.02:310][  0]LogTargetPlatformManager: Display: Loaded TargetPlatform 'Android_MultiClient'
[2021.09.14-05.07.02:335][  0]LogTargetPlatformManager: Display: Loaded TargetPlatform 'IOSClient'
[2021.09.14-05.07.02:335][  0]LogTargetPlatformManager: Display: Loaded TargetPlatform 'IOS'
[2021.09.14-05.07.02:348][  0]LogTargetPlatformManager: Display: Loaded TargetPlatform 'Linux'
[2021.09.14-05.07.02:354][  0]LogTargetPlatformManager: Display: Loaded TargetPlatform 'LinuxNoEditor'
[2021.09.14-05.07.02:360][  0]LogTargetPlatformManager: Display: Loaded TargetPlatform 'LinuxClient'
[2021.09.14-05.07.02:366][  0]LogTargetPlatformManager: Display: Loaded TargetPlatform 'LinuxServer'
[2021.09.14-05.07.02:379][  0]LogTargetPlatformManager: Display: Loaded TargetPlatform 'LinuxAArch64NoEditor'
[2021.09.14-05.07.02:385][  0]LogTargetPlatformManager: Display: Loaded TargetPlatform 'LinuxAArch64Client'
[2021.09.14-05.07.02:391][  0]LogTargetPlatformManager: Display: Loaded TargetPlatform 'LinuxAArch64Server'
[2021.09.14-05.07.02:420][  0]LogTargetPlatformManager: Display: Loaded TargetPlatform 'Lumin'
[2021.09.14-05.07.02:420][  0]LogTargetPlatformManager: Display: Loaded TargetPlatform 'LuminClient'
[2021.09.14-05.07.02:430][  0]LogTargetPlatformManager: Display: Loaded TargetPlatform 'MacNoEditor'
[2021.09.14-05.07.02:436][  0]LogTargetPlatformManager: Display: Loaded TargetPlatform 'Mac'
[2021.09.14-05.07.02:442][  0]LogTargetPlatformManager: Display: Loaded TargetPlatform 'MacClient'
[2021.09.14-05.07.02:448][  0]LogTargetPlatformManager: Display: Loaded TargetPlatform 'MacServer'
[2021.09.14-05.07.02:460][  0]LogTargetPlatformManager: Display: Loaded TargetPlatform 'TVOSClient'
[2021.09.14-05.07.02:460][  0]LogTargetPlatformManager: Display: Loaded TargetPlatform 'TVOS'
[2021.09.14-05.07.02:471][  0]LogTargetPlatformManager: Display: Loaded TargetPlatform 'WindowsNoEditor'
[2021.09.14-05.07.02:477][  0]LogTargetPlatformManager: Display: Loaded TargetPlatform 'Windows'
[2021.09.14-05.07.02:485][  0]LogTargetPlatformManager: Display: Loaded TargetPlatform 'WindowsClient'
[2021.09.14-05.07.02:491][  0]LogTargetPlatformManager: Display: Loaded TargetPlatform 'WindowsServer'
[2021.09.14-05.07.02:491][  0]LogTargetPlatformManager: Display: Building Assets For Windows
[2021.09.14-05.07.02:507][  0]LogAudioDebug: Display: Lib vorbis DLL was dynamically loaded.
[2021.09.14-05.07.02:558][  0]LogTextureFormatOodle: Display: Oodle Texture 2.9.0 init RDO Off
[2021.09.14-05.07.02:610][  0]LogRendererCore: Ray tracing is disabled. Reason: r.RayTracing=0.
[2021.09.14-05.07.02:610][  0]LogShaderCompilers: Guid format shader working directory is -18 characters bigger than the processId version (C:/Users/pmaha/Documents/GitHub/ProjectStudio2021/EndlessRunner/Intermediate/Shaders/WorkingDirectory/28880/).
[2021.09.14-05.07.02:610][  0]LogShaderCompilers: Cleaned the shader compiler working directory 'C:/Users/pmaha/AppData/Local/Temp/UnrealShaderWorkingDir/550BC3C84A2506953AA63C981A0F5F0A/'.
[2021.09.14-05.07.02:610][  0]LogXGEController: Cannot use XGE Controller as Incredibuild is not installed on this machine.
[2021.09.14-05.07.02:610][  0]LogShaderCompilers: Cannot use XGE Shader Compiler as Incredibuild is not installed on this machine.
[2021.09.14-05.07.02:610][  0]LogShaderCompilers: Display: Using Local Shader Compiler.
[2021.09.14-05.07.03:407][  0]LogDerivedDataCache: Display: Max Cache Size: 512 MB
[2021.09.14-05.07.03:474][  0]LogDerivedDataCache: Loaded boot cache 0.07s 95MB C:/Users/pmaha/AppData/Local/UnrealEngine/4.27/DerivedDataCache/Boot.ddc.
[2021.09.14-05.07.03:474][  0]LogDerivedDataCache: Display: Loaded Boot cache: C:/Users/pmaha/AppData/Local/UnrealEngine/4.27/DerivedDataCache/Boot.ddc
[2021.09.14-05.07.03:474][  0]LogDerivedDataCache: FDerivedDataBackendGraph:  Pak pak cache file C:/Users/pmaha/Documents/GitHub/ProjectStudio2021/EndlessRunner/DerivedDataCache/DDC.ddp not found, will not use a pak cache.
[2021.09.14-05.07.03:475][  0]LogDerivedDataCache: Unable to find inner node Pak for hierarchical cache Hierarchy.
[2021.09.14-05.07.03:475][  0]LogDerivedDataCache: FDerivedDataBackendGraph:  CompressedPak pak cache file C:/Users/pmaha/Documents/GitHub/ProjectStudio2021/EndlessRunner/DerivedDataCache/Compressed.ddp not found, will not use a pak cache.
[2021.09.14-05.07.03:475][  0]LogDerivedDataCache: Unable to find inner node CompressedPak for hierarchical cache Hierarchy.
[2021.09.14-05.07.03:489][  0]LogDerivedDataCache: Display: Pak cache opened for reading ../../../Engine/DerivedDataCache/Compressed.ddp.
[2021.09.14-05.07.03:489][  0]LogDerivedDataCache: FDerivedDataBackendGraph:  EnterprisePak pak cache file ../../../Enterprise/DerivedDataCache/Compressed.ddp not found, will not use a pak cache.
[2021.09.14-05.07.03:489][  0]LogDerivedDataCache: Unable to find inner node EnterprisePak for hierarchical cache Hierarchy.
[2021.09.14-05.07.03:518][  0]LogDerivedDataCache: Speed tests for C:/Users/pmaha/AppData/Local/UnrealEngine/Common/DerivedDataCache took 0.03 seconds
[2021.09.14-05.07.03:518][  0]LogDerivedDataCache: Display: Performance to C:/Users/pmaha/AppData/Local/UnrealEngine/Common/DerivedDataCache: Latency=0.07ms. RandomReadSpeed=572.75MBs, RandomWriteSpeed=35.53MBs. Assigned SpeedClass 'Local'
[2021.09.14-05.07.03:518][  0]LogDerivedDataCache: Using Local data cache path C:/Users/pmaha/AppData/Local/UnrealEngine/Common/DerivedDataCache: Writable
[2021.09.14-05.07.03:519][  0]LogDerivedDataCache: Shared data cache path not found in *engine.ini, will not use an Shared cache.
[2021.09.14-05.07.03:519][  0]LogDerivedDataCache: Unable to find inner node Shared for hierarchical cache Hierarchy.
[2021.09.14-05.07.03:559][  0]LogSlate: Using FreeType 2.10.0
[2021.09.14-05.07.03:560][  0]LogSlate: SlateFontServices - WITH_FREETYPE: 1, WITH_HARFBUZZ: 1
[2021.09.14-05.07.03:602][  0]LogAssetRegistry: FAssetRegistry took 0.0026 seconds to start up
[2021.09.14-05.07.03:908][  0]LogInit: Selected Device Profile: [Windows]
[2021.09.14-05.07.03:908][  0]LogInit: Active device profile: [000001861FF7A600][0000018610750700 49] Windows
[2021.09.14-05.07.03:908][  0]LogInit: Profiles: [000001861FF7A600][0000018610750700 49] Windows, [000001861FF1E600][0000018620BDE840 49] WindowsNoEditor, [000001861FF7AC00][0000018620BE2980 49] WindowsServer, [000001861FF1EC00][0000018620C18AC0 49] WindowsClient, [000001861FF7B600][0000018620C20C40 49] IOS, [000001861FF1EB00][0000018620C24DC0 49] iPadAir, [000001861FF7B300][0000018620C28F40 49] iPadAir2, [000001861FE49D00][0000018620C31200 49] IPadPro, [000001861FE49E00][0000018620C2D240 49] iPadAir3, [000001861FF7B400][0000018620C353C0 49] iPadAir4, [000001861FE4A000][0000018620C39540 49] iPadMini2, [000001861FF79F00][0000018620C3D6C0 49] iPadMini3, [000001861FE4BF00][0000018620C41840 49] iPadMini4, [000001861FF79E00][0000018620C459C0 49] iPadMini5, [000001861FE61300][0000018620C4C100 49] iPhone6, [000001861FE61400][0000018620C48140 49] iPodTouch6, [000001861FE48300][0000018620C54400 49] iPhone7, [000001861FE48200][0000018620C50440 49] iPodTouch7, [000001861FE61500][0000018620C585C0 49] iPhone5S, [000001861FE49B00][0000018620C5C740 49] iPhone6Plus, [000001861FE63400][0000018620C688C0 49] iPhone6S, [000001861FE4AB00][0000018620C1CA00 49] iPhone6SPlus, [000001861FE63800][0000018620C6CB40 49] iPhone7Plus, [000001861FE49F00][0000018620C70C80 49] iPhoneSE, [000001861FE63700][0000018620C74DC0 49] iPhone8, [000001861FE4A500][0000018620C7CF40 49] iPhone8Plus, [000001861FE60300][0000018620CC10C0 49] iPhoneX, [000001861FE49100][0000018620CC5240 49] iPhoneXS, [000001861FE61100][0000018620CC93C0 49] iPhoneXSMax, [000001861FE48600][0000018620CCD540 49] iPhoneXR, [000001861FE62100][0000018620CD16C0 49] iPhone11, [000001861FE48800][0000018620CD5840 49] iPhone11Pro, [000001861FE60200][0000018620CD99C0 49] iPhone11ProMax, [000001861FE4A800][0000018620CDDB40 49] iPhoneSE2, [000001861FE63E00][0000018620CE0140 49] iPhone12Mini, [000001861FE4B000][0000018620CE42C0 49] iPhone12, [000001861FE61E00][0000018620CE8440 49] iPhone12Pro, [000001861FE49300][0000018620CEC5C0 49] iPhone12ProMax, [000001861FE62C00][0000018621D3C740 49] iPadPro105, [000001861FE4AF00][0000018621D408C0 49] iPadPro129, [000001861FE62300][0000018621D44A40 49] iPadPro97, [000001861FE4A400][0000018620C78B80 49] iPadPro2_129, [000001861FE63100][0000018621D48CC0 49] iPad5, [000001861FE4BB00][0000018621D4CE00 49] iPad6, [000001861FF1F600][0000018621D50F40 49] iPad7, [000001861FFCD700][0000018621D590C0 49] iPad8, [000001861FF1D000][0000018621D5D240 49] iPadPro11, [000001861FFCCA00][0000018621D613C0 49] iPadPro2_11, [000001861FF1EE00][0000018621D65540 49] iPadPro3_129, [000001861FFCCF00][0000018621D696C0 49] iPadPro4_129, [000001861FF1F900][0000018621D6D840 49] AppleTV, [000001861FFCDB00][0000018621D719C0 49] AppleTV4K, [000001861FF1CA00][0000018621D75B40 49] TVOS, [000001861FFCC600][0000018621D78140 49] Mac, [000001861FE48100][0000018621D7C2C0 49] MacClient, [000001861FE63B00][0000018621D80440 49] MacNoEditor, [000001861FE4A100][0000018621D845C0 49] MacServer, [000001861FE63F00][0000018621D88740 49] Linux, [000001861FE49000][0000018621DDC8C0 49] LinuxAArch64, [000001861FE63600][0000018621DE0A40 49] LinuxNoEditor, [000001861FE49700][0000018621DE4BC0 49] LinuxAArch64NoEditor, [000001861FE60F00][0000018621DE8D40 49] LinuxClient, [000001861FE49500][0000018621D54E80 49] LinuxAArch64Client, [000001861FE62D00][0000018621DECFC0 49] LinuxServer, [000001861FE48900][0000018621DF1100 49] LinuxAArch64Server, [000001861FE61A00][0000018621DF9280 49] Android, [000001861FE4B400][0000018621DFD400 49] Android_Low, [000001861FE62F00][0000018621E01580 49] Android_Mid, [000001861FE49C00][0000018621E05700 49] Android_High, [000001861FE63D00][0000018621E09880 49] Android_Default, [000001861FE49900][0000018621E0DA00 49] Android_Adreno4xx, [000001861FE60B00][0000018621E11B80 49] Android_Adreno5xx_Low, [000001861FE4B700][0000018621E14180 49] Android_Adreno5xx, [000001861FFCD000][0000018621E18300 49] Android_Adreno6xx, [000001861FE4A300][0000018621E1C480 49] Android_Adreno6xx_Vulkan, [000001861FFCD900][0000018621E7C600 49] Android_Mali_T6xx, [000001861FE48700][0000018621E80780 49] Android_Mali_T7xx, [000001861FE63900][0000018621E84900 49] Android_Mali_T8xx, [000001861FE4BC00][0000018621E88A80 49] Android_Mali_G71, [000001861FE63500][0000018621E8CC00 49] Android_Mali_G72, [000001861FE48400][0000018621E90D80 49] Android_Mali_G72_Vulkan, [000001861FE61700][0000018621E94F00 49] Android_Mali_G76, [000001861FE48F00][0000018621DF5040 49] Android_Mali_G76_Vulkan, [000001861FE60E00][0000018621E99180 49] Android_Mali_G77, [000001861FE49600][0000018621E9D2C0 49] Android_Mali_G77_Vulkan, [000001861FE61F00][0000018621EA5440 49] Android_Mali_G78, [000001861FE48E00][0000018621EA95C0 49] Android_Mali_G78_Vulkan, [000001861FE63C00][0000018621EAD740 49] Android_Mali_G710, [000001861FE4B500][0000018621EB18C0 49] Android_Mali_G710_Vulkan, [000001861FE61D00][0000018621EB5A40 49] Android_Vulkan_SM5, [000001861FE49400][0000018621EB9BC0 49] Android_PowerVR_G6xxx, [000001861FE61C00][0000018621EBC1C0 49] Android_PowerVR_GT7xxx, [000001861FE48500][0000018621EC0340 49] Android_PowerVR_GE8xxx, [000001861FE60600][0000018621EC44C0 49] Android_PowerVR_GM9xxx, [000001861FE48D00][0000018621EC8640 49] Android_PowerVR_GM9xxx_Vulkan, [000001861FE61200][0000018621ECC7C0 49] Android_TegraK1, [000001861FF1E400][0000018621ED0940 49] Android_Unknown_Vulkan, [000001861FE60100][0000018621ED4AC0 49] Lumin, [000001861FF7B100][0000018621ED8C40 49] Lumin_Desktop, [000001861FE4A200][0000018621EDCDC0 49] HoloLens, 
[2021.09.14-05.07.04:064][  0]LogMeshReduction: Using QuadricMeshReduction for automatic static mesh reduction
[2021.09.14-05.07.04:064][  0]LogMeshReduction: Using SimplygonMeshReduction for automatic skeletal mesh reduction
[2021.09.14-05.07.04:064][  0]LogMeshReduction: Using ProxyLODMeshReduction for automatic mesh merging
[2021.09.14-05.07.04:064][  0]LogMeshReduction: No distributed automatic mesh merging module available
[2021.09.14-05.07.04:064][  0]LogMeshMerging: No distributed automatic mesh merging module available
[2021.09.14-05.07.04:092][  0]LogNetVersion: EndlessRunner 1.0.0, NetCL: 17155196, EngineNetVer: 17, GameNetVer: 0 (Checksum: 1331125288)
[2021.09.14-05.07.05:108][  0]LogTexture: Default maximum texture size for cubemaps generated from long-lat sources has been changed from 512 to unlimited. In order to preserve old behaiour for '/Engine/MapTemplates/Sky/DaylightAmbientCubemap.DaylightAmbientCubemap', its maximum texture size has been explicitly set to 512.
[2021.09.14-05.07.05:202][  0]LogHMD: PokeAHoleMaterial loaded successfully
[2021.09.14-05.07.05:210][  0]LogUObjectArray: 17178 objects as part of root set at end of initial load.
[2021.09.14-05.07.05:210][  0]LogUObjectAllocator: 4301856 out of 0 bytes used by permanent object pool.
[2021.09.14-05.07.05:210][  0]LogUObjectArray: CloseDisregardForGC: 0/0 objects in disregard for GC pool
[2021.09.14-05.07.05:770][  0]LogNiagaraDebuggerClient: Niagara Debugger Client Initialized | Session: D6826F6F40A048E1086EFFAF1C88458A | Instance: A7DDD4134BAAFAE1410FB6B71D13D096 (SHENPM-28880).
[2021.09.14-05.07.05:796][  0]LogStreaming: Warning: Failed to read file '../../../Engine/Content/Editor/Slate/Niagara/MenuSeparator.png' error.
[2021.09.14-05.07.05:796][  0]LogSlate: Could not find file for Slate resource: ../../../Engine/Content/Editor/Slate/Niagara/MenuSeparator.png
[2021.09.14-05.07.05:796][  0]LogStreaming: Warning: Failed to read file '../../../Engine/Content/Editor/Slate/Niagara/Common/Selector.png' error.
[2021.09.14-05.07.05:796][  0]LogSlate: Could not find file for Slate resource: ../../../Engine/Content/Editor/Slate/Niagara/Common/Selector.png
[2021.09.14-05.07.05:796][  0]LogStreaming: Warning: Failed to read file '../../../Engine/Content/Editor/Slate/Niagara/Common/Selection.png' error.
[2021.09.14-05.07.05:796][  0]LogSlate: Could not find file for Slate resource: ../../../Engine/Content/Editor/Slate/Niagara/Common/Selection.png
[2021.09.14-05.07.05:796][  0]LogStreaming: Warning: Failed to read file '../../../Engine/Content/Editor/Slate/Niagara/Common/DropZoneIndicator_Above.png' error.
[2021.09.14-05.07.05:796][  0]LogSlate: Could not find file for Slate resource: ../../../Engine/Content/Editor/Slate/Niagara/Common/DropZoneIndicator_Above.png
[2021.09.14-05.07.05:796][  0]LogStreaming: Warning: Failed to read file '../../../Engine/Content/Editor/Slate/Niagara/Common/DropZoneIndicator_Onto.png' error.
[2021.09.14-05.07.05:796][  0]LogSlate: Could not find file for Slate resource: ../../../Engine/Content/Editor/Slate/Niagara/Common/DropZoneIndicator_Onto.png
[2021.09.14-05.07.05:796][  0]LogStreaming: Warning: Failed to read file '../../../Engine/Content/Editor/Slate/Niagara/Common/DropZoneIndicator_Below.png' error.
[2021.09.14-05.07.05:796][  0]LogSlate: Could not find file for Slate resource: ../../../Engine/Content/Editor/Slate/Niagara/Common/DropZoneIndicator_Below.png
[2021.09.14-05.07.05:796][  0]LogStreaming: Warning: Failed to read file '../../../Engine/Content/Editor/Slate/Niagara/Common/RoundedSelection_16x.png' error.
[2021.09.14-05.07.05:796][  0]LogSlate: Could not find file for Slate resource: ../../../Engine/Content/Editor/Slate/Niagara/Common/RoundedSelection_16x.png
[2021.09.14-05.07.05:796][  0]LogStreaming: Warning: Failed to read file '../../../Engine/Content/Editor/Slate/Niagara/Common/FlatButton.png' error.
[2021.09.14-05.07.05:796][  0]LogSlate: Could not find file for Slate resource: ../../../Engine/Content/Editor/Slate/Niagara/Common/FlatButton.png
[2021.09.14-05.07.05:796][  0]LogImageWrapper: Warning: PNG Warning: Duplicate iCCP chunk
[2021.09.14-05.07.05:797][  0]LogImageWrapper: Warning: PNG Warning: Duplicate iCCP chunk
[2021.09.14-05.07.05:819][  0]LogPython: Using Python 3.7.7
[2021.09.14-05.07.06:505][  0]LogTcpMessaging: Initializing TcpMessaging bridge
[2021.09.14-05.07.06:512][  0]LogUdpMessaging: Initializing bridge on interface 0.0.0.0:0 to multicast group 230.0.0.1:6666.
[2021.09.14-05.07.06:828][  0]SourceControl: Source control is disabled
[2021.09.14-05.07.06:828][  0]SourceControl: Source control is disabled
[2021.09.14-05.07.06:834][  0]SourceControl: Source control is disabled
[2021.09.14-05.07.06:840][  0]SourceControl: Source control is disabled
[2021.09.14-05.07.06:861][  0]SourceControl: Source control is disabled
[2021.09.14-05.07.06:873][  0]LogUProjectInfo: Found projects:
[2021.09.14-05.07.07:235][  0]LogOpenImageDenoise: OIDN starting up
[2021.09.14-05.07.07:300][  0]LogAndroidPermission: UAndroidPermissionCallbackProxy::GetInstance
[2021.09.14-05.07.07:334][  0]LogAudioCaptureCore: Display: No Audio Capture implementations found. Audio input will be silent.
[2021.09.14-05.07.07:334][  0]LogAudioCaptureCore: Display: No Audio Capture implementations found. Audio input will be silent.
[2021.09.14-05.07.07:518][  0]LogCollectionManager: Loaded 0 collections in 0.007489 seconds
[2021.09.14-05.07.07:551][  0]LogFileCache: Scanning file cache for directory 'C:/Users/pmaha/Documents/GitHub/ProjectStudio2021/EndlessRunner/Saved/Collections/' took 0.00s
[2021.09.14-05.07.07:551][  0]LogFileCache: Scanning file cache for directory 'C:/Users/pmaha/Documents/GitHub/ProjectStudio2021/EndlessRunner/Content/Developers/pmaha/Collections/' took 0.00s
[2021.09.14-05.07.07:551][  0]LogFileCache: Scanning file cache for directory 'C:/Users/pmaha/Documents/GitHub/ProjectStudio2021/EndlessRunner/Content/Collections/' took 0.00s
[2021.09.14-05.07.07:551][  0]LogOcInput: OculusInput pre-init called
[2021.09.14-05.07.07:907][  0]LogStreaming: Warning: Failed to read file '../../../Engine/Content/Editor/Slate/Niagara/MenuSeparator.png' error.
[2021.09.14-05.07.07:907][  0]LogSlate: Could not find file for Slate resource: ../../../Engine/Content/Editor/Slate/Niagara/MenuSeparator.png
[2021.09.14-05.07.07:907][  0]LogStreaming: Warning: Failed to read file '../../../Engine/Content/Editor/Slate/Niagara/Common/Selector.png' error.
[2021.09.14-05.07.07:907][  0]LogSlate: Could not find file for Slate resource: ../../../Engine/Content/Editor/Slate/Niagara/Common/Selector.png
[2021.09.14-05.07.07:907][  0]LogStreaming: Warning: Failed to read file '../../../Engine/Content/Editor/Slate/Niagara/Common/Selection.png' error.
[2021.09.14-05.07.07:907][  0]LogSlate: Could not find file for Slate resource: ../../../Engine/Content/Editor/Slate/Niagara/Common/Selection.png
[2021.09.14-05.07.07:907][  0]LogStreaming: Warning: Failed to read file '../../../Engine/Content/Editor/Slate/Niagara/Common/DropZoneIndicator_Above.png' error.
[2021.09.14-05.07.07:907][  0]LogSlate: Could not find file for Slate resource: ../../../Engine/Content/Editor/Slate/Niagara/Common/DropZoneIndicator_Above.png
[2021.09.14-05.07.07:907][  0]LogStreaming: Warning: Failed to read file '../../../Engine/Content/Editor/Slate/Niagara/Common/DropZoneIndicator_Onto.png' error.
[2021.09.14-05.07.07:907][  0]LogSlate: Could not find file for Slate resource: ../../../Engine/Content/Editor/Slate/Niagara/Common/DropZoneIndicator_Onto.png
[2021.09.14-05.07.07:907][  0]LogStreaming: Warning: Failed to read file '../../../Engine/Content/Editor/Slate/Niagara/Common/DropZoneIndicator_Below.png' error.
[2021.09.14-05.07.07:907][  0]LogStreaming: Warning: Failed to read file '../../../Engine/Content/Editor/Slate/Niagara/Common/RoundedSelection_16x.png' error.
[2021.09.14-05.07.07:907][  0]LogSlate: Could not find file for Slate resource: ../../../Engine/Content/Editor/Slate/Niagara/Common/RoundedSelection_16x.png
[2021.09.14-05.07.07:907][  0]LogStreaming: Warning: Failed to read file '../../../Engine/Content/Editor/Slate/Niagara/Common/FlatButton.png' error.
[2021.09.14-05.07.07:907][  0]LogSlate: Could not find file for Slate resource: ../../../Engine/Content/Editor/Slate/Niagara/Common/FlatButton.png
[2021.09.14-05.07.07:907][  0]LogSlate: Could not find file for Slate resource: ../../../Engine/Content/Editor/Slate/Niagara/Common/DropZoneIndicator_Below.png
[2021.09.14-05.07.07:999][  0]LogImageWrapper: Warning: PNG Warning: Duplicate iCCP chunk
[2021.09.14-05.07.07:999][  0]LogImageWrapper: Warning: PNG Warning: Duplicate iCCP chunk
[2021.09.14-05.07.07:999][  0]LogEngine: Initializing Engine...
[2021.09.14-05.07.08:004][  0]LogHMD: Failed to enumerate extensions. Please check that you have a valid OpenXR runtime installed.
[2021.09.14-05.07.08:004][  0]LogHMD: Failed to initialize OpenVR with code 110
[2021.09.14-05.07.08:004][  0]LogMagicLeap: Warning: VR disabled because ZI is not enabled.  To enable, in the editor, Edit -> Project Settings -> Plugins -> Magic Leap Plugin -> Enable Zero Iteration
[2021.09.14-05.07.08:006][  0]LogStats: UGameplayTagsManager::InitializeManager -  0.000 s
[2021.09.14-05.07.08:141][  0]LogInit: Initializing FReadOnlyCVARCache
[2021.09.14-05.07.08:150][  0]LogAIModule: Creating AISystem for world Untitled
[2021.09.14-05.07.08:151][  0]LogAudio: Display: Initializing Audio Device Manager...
[2021.09.14-05.07.08:156][  0]LogAudio: Display: Loading Default Audio Settings Objects...
[2021.09.14-05.07.08:157][  0]LogAudio: Display: No default SoundConcurrencyObject specified (or failed to load).
[2021.09.14-05.07.08:157][  0]LogAudio: Display: Audio Device Manager Initialized
[2021.09.14-05.07.08:157][  0]LogAudio: Display: Creating Audio Device:                 Id: 1, Scope: Shared, Realtime: True
[2021.09.14-05.07.08:157][  0]LogAudioMixer: Display: Audio Mixer Platform Settings:
[2021.09.14-05.07.08:157][  0]LogAudioMixer: Display: 	Sample Rate:						  48000
[2021.09.14-05.07.08:157][  0]LogAudioMixer: Display: 	Callback Buffer Frame Size Requested: 1024
[2021.09.14-05.07.08:157][  0]LogAudioMixer: Display: 	Callback Buffer Frame Size To Use:	  1024
[2021.09.14-05.07.08:157][  0]LogAudioMixer: Display: 	Number of buffers to queue:			  2
[2021.09.14-05.07.08:157][  0]LogAudioMixer: Display: 	Max Channels (voices):				  32
[2021.09.14-05.07.08:157][  0]LogAudioMixer: Display: 	Number of Async Source Workers:		  0
[2021.09.14-05.07.08:157][  0]LogAudio: Display: AudioDevice MaxSources: 32
[2021.09.14-05.07.08:158][  0]LogAudio: Display: Audio Spatialization Plugin: None (built-in).
[2021.09.14-05.07.08:158][  0]LogAudio: Display: Audio Reverb Plugin: None (built-in).
[2021.09.14-05.07.08:158][  0]LogAudio: Display: Audio Occlusion Plugin: None (built-in).
[2021.09.14-05.07.08:158][  0]LogAudioMixer: Display: Initializing audio mixer.
[2021.09.14-05.07.08:188][  0]LogAudioMixer: Display: 0: FrontLeft
[2021.09.14-05.07.08:188][  0]LogAudioMixer: Display: 1: FrontRight
[2021.09.14-05.07.08:230][  0]LogAudioMixer: Display: Using Audio Device Speakers (High Definition Audio Device)
[2021.09.14-05.07.08:232][  0]LogAudioMixer: Display: Initializing Sound Submixes...
[2021.09.14-05.07.08:237][  0]LogAudioMixer: Display: Creating Master Submix 'MasterSubmixDefault'
[2021.09.14-05.07.08:237][  0]LogAudioMixer: Display: Creating Master Submix 'MasterReverbSubmixDefault'
[2021.09.14-05.07.08:238][  0]LogAudioMixer: Display: Creating Master Submix 'MasterEQSubmixDefault'
[2021.09.14-05.07.08:238][  0]LogAudioMixer: FMixerPlatformXAudio2::StartAudioStream() called
[2021.09.14-05.07.08:238][  0]LogAudioMixer: Display: Output buffers initialized: Frames=1024, Channels=2, Samples=2048
[2021.09.14-05.07.08:239][  0]LogAudioMixer: Display: Starting AudioMixerPlatformInterface::RunInternal()
[2021.09.14-05.07.08:239][  0]LogAudioMixer: Display: FMixerPlatformXAudio2::SubmitBuffer() called for the first time
[2021.09.14-05.07.08:239][  0]LogInit: FAudioDevice initialized.
[2021.09.14-05.07.08:240][  0]LogAudio: Display: Audio Device (ID: 1) registered with world 'Untitled'.
[2021.09.14-05.07.08:240][  0]LogNetVersion: Set ProjectVersion to 1.0.0.0. Version Checksum will be recalculated on next use.
[2021.09.14-05.07.08:620][  0]LogDerivedDataCache: Saved boot cache 0.38s 95MB C:/Users/pmaha/AppData/Local/UnrealEngine/4.27/DerivedDataCache/Boot.ddc.
[2021.09.14-05.07.08:621][  0]LogInit: Texture streaming: Enabled
[2021.09.14-05.07.08:639][  0]LogAnalytics: Display: [UEEditor.Rocket.Release] APIServer = https://datarouter.ol.epicgames.com/. AppVersion = 4.27.0-17155196+++UE4+Release-4.27
[2021.09.14-05.07.08:651][  0]LogEngineSessionManager: EngineSessionManager initialized
[2021.09.14-05.07.08:651][  0]LogEditorSessionSummary: Verbose: Initializing EditorSessionSummaryWriter for editor session tracking
[2021.09.14-05.07.08:675][  0]LogEditorSessionSummary: EditorSessionSummaryWriter initialized
[2021.09.14-05.07.08:713][  0]LogInit: Transaction tracking system initialized
[2021.09.14-05.07.08:746][  0]BlueprintLog: New page: Editor Load
[2021.09.14-05.07.08:843][  0]LocalizationService: Localization service is disabled
[2021.09.14-05.07.08:879][  0]TimingProfiler: Initialize
[2021.09.14-05.07.08:879][  0]TimingProfiler: OnSessionChanged
[2021.09.14-05.07.08:879][  0]LoadingProfiler: Initialize
[2021.09.14-05.07.08:879][  0]LoadingProfiler: OnSessionChanged
[2021.09.14-05.07.08:879][  0]NetworkingProfiler: Initialize
[2021.09.14-05.07.08:879][  0]NetworkingProfiler: OnSessionChanged
[2021.09.14-05.07.08:879][  0]MemoryProfiler: Initialize
[2021.09.14-05.07.08:879][  0]MemoryProfiler: OnSessionChanged
[2021.09.14-05.07.09:084][  0]LogCook: Display: CookSettings for Memory: MemoryMaxUsedVirtual 0MiB, MemoryMaxUsedPhysical 16384MiB, MemoryMinFreeVirtual 0MiB, MemoryMinFreePhysical 1024MiB
[2021.09.14-05.07.09:084][  0]LogCook: Display: Mobile HDR setting 0
[2021.09.14-05.07.09:446][  0]LogFileCache: Scanning file cache for directory 'C:/Users/pmaha/Documents/GitHub/ProjectStudio2021/EndlessRunner/Content/' took 0.03s
[2021.09.14-05.07.09:865][  0]LogStreaming: Warning: Failed to read file '../../../Engine/Content/Editor/Slate/Niagara/MenuSeparator.png' error.
[2021.09.14-05.07.09:865][  0]LogSlate: Could not find file for Slate resource: ../../../Engine/Content/Editor/Slate/Niagara/MenuSeparator.png
[2021.09.14-05.07.09:865][  0]LogStreaming: Warning: Failed to read file '../../../Engine/Content/Editor/Slate/Niagara/Common/Selector.png' error.
[2021.09.14-05.07.09:866][  0]LogSlate: Could not find file for Slate resource: ../../../Engine/Content/Editor/Slate/Niagara/Common/Selector.png
[2021.09.14-05.07.09:866][  0]LogStreaming: Warning: Failed to read file '../../../Engine/Content/Editor/Slate/Niagara/Common/Selection.png' error.
[2021.09.14-05.07.09:866][  0]LogSlate: Could not find file for Slate resource: ../../../Engine/Content/Editor/Slate/Niagara/Common/Selection.png
[2021.09.14-05.07.09:866][  0]LogStreaming: Warning: Failed to read file '../../../Engine/Content/Editor/Slate/Niagara/Common/DropZoneIndicator_Above.png' error.
[2021.09.14-05.07.09:866][  0]LogSlate: Could not find file for Slate resource: ../../../Engine/Content/Editor/Slate/Niagara/Common/DropZoneIndicator_Above.png
[2021.09.14-05.07.09:866][  0]LogStreaming: Warning: Failed to read file '../../../Engine/Content/Editor/Slate/Niagara/Common/DropZoneIndicator_Onto.png' error.
[2021.09.14-05.07.09:866][  0]LogSlate: Could not find file for Slate resource: ../../../Engine/Content/Editor/Slate/Niagara/Common/DropZoneIndicator_Onto.png
[2021.09.14-05.07.09:866][  0]LogStreaming: Warning: Failed to read file '../../../Engine/Content/Editor/Slate/Niagara/Common/DropZoneIndicator_Below.png' error.
[2021.09.14-05.07.09:866][  0]LogSlate: Could not find file for Slate resource: ../../../Engine/Content/Editor/Slate/Niagara/Common/DropZoneIndicator_Below.png
[2021.09.14-05.07.09:866][  0]LogStreaming: Warning: Failed to read file '../../../Engine/Content/Editor/Slate/Niagara/Common/RoundedSelection_16x.png' error.
[2021.09.14-05.07.09:866][  0]LogSlate: Could not find file for Slate resource: ../../../Engine/Content/Editor/Slate/Niagara/Common/RoundedSelection_16x.png
[2021.09.14-05.07.09:866][  0]LogStreaming: Warning: Failed to read file '../../../Engine/Content/Editor/Slate/Niagara/Common/FlatButton.png' error.
[2021.09.14-05.07.09:866][  0]LogSlate: Could not find file for Slate resource: ../../../Engine/Content/Editor/Slate/Niagara/Common/FlatButton.png
[2021.09.14-05.07.09:866][  0]LogImageWrapper: Warning: PNG Warning: Duplicate iCCP chunk
[2021.09.14-05.07.09:866][  0]LogImageWrapper: Warning: PNG Warning: Duplicate iCCP chunk
[2021.09.14-05.07.09:986][  0]LogInit: Display: Engine is initialized. Leaving FEngineLoop::Init()
[2021.09.14-05.07.10:005][  0]SourceControl: Source control is disabled
[2021.09.14-05.07.10:005][  0]LogUnrealEdMisc: Loading editor; pre map load, took 14.880
[2021.09.14-05.07.10:005][  0]Cmd: MAP LOAD FILE="C:/Users/pmaha/Documents/GitHub/ProjectStudio2021/EndlessRunner/Content/2DSideScrollerBP/Levels/EndlessRunner.umap" TEMPLATE=0 SHOWPROGRESS=1 FEATURELEVEL=3
[2021.09.14-05.07.10:005][  0]LightingResults: New page: Lighting Build
[2021.09.14-05.07.10:007][  0]LogWorld: UWorld::CleanupWorld for Untitled, bSessionEnded=true, bCleanupResources=true
[2021.09.14-05.07.10:007][  0]LogSlate: InvalidateAllWidgets triggered.  All widgets were invalidated
[2021.09.14-05.07.10:007][  0]MapCheck: New page: Map Check
[2021.09.14-05.07.10:007][  0]LightingResults: New page: Lighting Build
[2021.09.14-05.07.10:013][  0]LogAudio: Display: Audio Device unregistered from world 'None'.
[2021.09.14-05.07.10:017][  0]LogUObjectHash: Compacting FUObjectHashTables data took   0.85ms
[2021.09.14-05.07.10:340][  0]LogTexture: Display: Building textures: a216c55560acd77dc2a6b0ae0fd2adf6-removebg-preview (OODLE_AutoDXT, 400X100)
[2021.09.14-05.07.10:340][  0]LogTexture: Display: Building textures: 603abf63f4d86a62d3a13c19f1113e51-removebg-preview (BGRA8, 400X93)
[2021.09.14-05.07.10:402][  0]LogAudio: Display: Audio Device (ID: 1) registered with world 'EndlessRunner'.
[2021.09.14-05.07.10:403][  0]LogAIModule: Creating AISystem for world EndlessRunner
[2021.09.14-05.07.10:404][  0]LogEditorServer: Finished looking for orphan Actors (0.000 secs)
[2021.09.14-05.07.10:412][  0]LogUObjectHash: Compacting FUObjectHashTables data took   0.82ms
[2021.09.14-05.07.10:414][  0]Cmd: MAP CHECKDEP NOCLEARLOG
[2021.09.14-05.07.10:415][  0]MapCheck: Map check complete: 0 Error(s), 0 Warning(s), took 0.198ms to complete.
[2021.09.14-05.07.10:415][  0]LogFileHelpers: Loading map 'EndlessRunner' took 0.410
[2021.09.14-05.07.10:416][  0]LogUnrealEdMisc: Total Editor Startup Time, took 15.292
[2021.09.14-05.07.10:549][  0]LogSlate: Updating window title bar state: overlay mode, drag disabled, window buttons hidden, title bar hidden
[2021.09.14-05.07.10:555][  0]LogSlate: Updating window title bar state: overlay mode, drag disabled, window buttons hidden, title bar hidden
[2021.09.14-05.07.10:560][  0]LogSlate: Updating window title bar state: overlay mode, drag disabled, window buttons hidden, title bar hidden
[2021.09.14-05.07.10:567][  0]LogSlate: Updating window title bar state: overlay mode, drag disabled, window buttons hidden, title bar hidden
[2021.09.14-05.07.10:592][  0]LogNativeClassHierarchy: Verbose: Native class hierarchy populated in 0.0086 seconds. Added 3822 classes and 928 folders.
[2021.09.14-05.07.10:594][  0]LogNativeClassHierarchy: Verbose: Native class hierarchy updated for 'WidgetCarousel' in 0.0002 seconds. Added 0 classes and 0 folders.
[2021.09.14-05.07.10:598][  0]LogPakFile: PakFile PrimaryIndexSize=187
[2021.09.14-05.07.10:598][  0]LogPakFile: PakFile PathHashIndexSize=101
[2021.09.14-05.07.10:598][  0]LogPakFile: PakFile FullDirectoryIndexSize=148
[2021.09.14-05.07.10:598][  0]LogShaderLibrary: Display: ShaderCodeLibraryPakFileMountedCallback: PakFile 'D:/EpicGames/UE_4.27/FeaturePacks/FP_FirstPerson.upack' (chunk index -1, root 'root:/') mounted
[2021.09.14-05.07.10:598][  0]LogShaderLibrary: Display: ShaderCodeLibraryPakFileMountedCallback: pending pak file info (ChunkID:-1 Root:root:/ File:D:/EpicGames/UE_4.27/FeaturePacks/FP_FirstPerson.upack)
[2021.09.14-05.07.10:598][  0]LogPakFile: OnPakFileMounted2Time == 0.000069
[2021.09.14-05.07.10:600][  0]LogPakFile: PakFile PrimaryIndexSize=189
[2021.09.14-05.07.10:600][  0]LogPakFile: PakFile PathHashIndexSize=101
[2021.09.14-05.07.10:600][  0]LogPakFile: PakFile FullDirectoryIndexSize=152
[2021.09.14-05.07.10:600][  0]LogShaderLibrary: Display: ShaderCodeLibraryPakFileMountedCallback: PakFile 'D:/EpicGames/UE_4.27/FeaturePacks/FP_FirstPersonBP.upack' (chunk index -1, root 'root:/') mounted
[2021.09.14-05.07.10:600][  0]LogShaderLibrary: Display: ShaderCodeLibraryPakFileMountedCallback: pending pak file info (ChunkID:-1 Root:root:/ File:D:/EpicGames/UE_4.27/FeaturePacks/FP_FirstPersonBP.upack)
[2021.09.14-05.07.10:600][  0]LogPakFile: OnPakFileMounted2Time == 0.000049
[2021.09.14-05.07.10:601][  0]LogPakFile: PakFile PrimaryIndexSize=191
[2021.09.14-05.07.10:601][  0]LogPakFile: PakFile PathHashIndexSize=101
[2021.09.14-05.07.10:601][  0]LogPakFile: PakFile FullDirectoryIndexSize=160
[2021.09.14-05.07.10:601][  0]LogShaderLibrary: Display: ShaderCodeLibraryPakFileMountedCallback: PakFile 'D:/EpicGames/UE_4.27/FeaturePacks/MobileStarterContent.upack' (chunk index -1, root 'root:/') mounted
[2021.09.14-05.07.10:601][  0]LogShaderLibrary: Display: ShaderCodeLibraryPakFileMountedCallback: pending pak file info (ChunkID:-1 Root:root:/ File:D:/EpicGames/UE_4.27/FeaturePacks/MobileStarterContent.upack)
[2021.09.14-05.07.10:601][  0]LogPakFile: OnPakFileMounted2Time == 0.000044
[2021.09.14-05.07.10:602][  0]LogPakFile: PakFile PrimaryIndexSize=185
[2021.09.14-05.07.10:602][  0]LogPakFile: PakFile PathHashIndexSize=101
[2021.09.14-05.07.10:602][  0]LogPakFile: PakFile FullDirectoryIndexSize=148
[2021.09.14-05.07.10:602][  0]LogShaderLibrary: Display: ShaderCodeLibraryPakFileMountedCallback: PakFile 'D:/EpicGames/UE_4.27/FeaturePacks/StarterContent.upack' (chunk index -1, root 'root:/') mounted
[2021.09.14-05.07.10:602][  0]LogShaderLibrary: Display: ShaderCodeLibraryPakFileMountedCallback: pending pak file info (ChunkID:-1 Root:root:/ File:D:/EpicGames/UE_4.27/FeaturePacks/StarterContent.upack)
[2021.09.14-05.07.10:602][  0]LogPakFile: OnPakFileMounted2Time == 0.000044
[2021.09.14-05.07.10:604][  0]LogPakFile: PakFile PrimaryIndexSize=190
[2021.09.14-05.07.10:604][  0]LogPakFile: PakFile PathHashIndexSize=101
[2021.09.14-05.07.10:604][  0]LogPakFile: PakFile FullDirectoryIndexSize=154
[2021.09.14-05.07.10:604][  0]LogShaderLibrary: Display: ShaderCodeLibraryPakFileMountedCallback: PakFile 'D:/EpicGames/UE_4.27/FeaturePacks/TP_2DSideScroller.upack' (chunk index -1, root 'root:/') mounted
[2021.09.14-05.07.10:604][  0]LogShaderLibrary: Display: ShaderCodeLibraryPakFileMountedCallback: pending pak file info (ChunkID:-1 Root:root:/ File:D:/EpicGames/UE_4.27/FeaturePacks/TP_2DSideScroller.upack)
[2021.09.14-05.07.10:604][  0]LogPakFile: OnPakFileMounted2Time == 0.000042
[2021.09.14-05.07.10:605][  0]LogPakFile: PakFile PrimaryIndexSize=192
[2021.09.14-05.07.10:605][  0]LogPakFile: PakFile PathHashIndexSize=101
[2021.09.14-05.07.10:605][  0]LogPakFile: PakFile FullDirectoryIndexSize=158
[2021.09.14-05.07.10:605][  0]LogShaderLibrary: Display: ShaderCodeLibraryPakFileMountedCallback: PakFile 'D:/EpicGames/UE_4.27/FeaturePacks/TP_2DSideScrollerBP.upack' (chunk index -1, root 'root:/') mounted
[2021.09.14-05.07.10:605][  0]LogShaderLibrary: Display: ShaderCodeLibraryPakFileMountedCallback: pending pak file info (ChunkID:-1 Root:root:/ File:D:/EpicGames/UE_4.27/FeaturePacks/TP_2DSideScrollerBP.upack)
[2021.09.14-05.07.10:605][  0]LogPakFile: OnPakFileMounted2Time == 0.000044
[2021.09.14-05.07.10:607][  0]LogPakFile: PakFile PrimaryIndexSize=182
[2021.09.14-05.07.10:607][  0]LogPakFile: PakFile PathHashIndexSize=101
[2021.09.14-05.07.10:607][  0]LogPakFile: PakFile FullDirectoryIndexSize=138
[2021.09.14-05.07.10:607][  0]LogShaderLibrary: Display: ShaderCodeLibraryPakFileMountedCallback: PakFile 'D:/EpicGames/UE_4.27/FeaturePacks/TP_Flying.upack' (chunk index -1, root 'root:/') mounted
[2021.09.14-05.07.10:607][  0]LogShaderLibrary: Display: ShaderCodeLibraryPakFileMountedCallback: pending pak file info (ChunkID:-1 Root:root:/ File:D:/EpicGames/UE_4.27/FeaturePacks/TP_Flying.upack)
[2021.09.14-05.07.10:607][  0]LogPakFile: OnPakFileMounted2Time == 0.000046
[2021.09.14-05.07.10:608][  0]LogPakFile: PakFile PrimaryIndexSize=184
[2021.09.14-05.07.10:608][  0]LogPakFile: PakFile PathHashIndexSize=101
[2021.09.14-05.07.10:608][  0]LogPakFile: PakFile FullDirectoryIndexSize=142
[2021.09.14-05.07.10:608][  0]LogShaderLibrary: Display: ShaderCodeLibraryPakFileMountedCallback: PakFile 'D:/EpicGames/UE_4.27/FeaturePacks/TP_FlyingBP.upack' (chunk index -1, root 'root:/') mounted
[2021.09.14-05.07.10:608][  0]LogShaderLibrary: Display: ShaderCodeLibraryPakFileMountedCallback: pending pak file info (ChunkID:-1 Root:root:/ File:D:/EpicGames/UE_4.27/FeaturePacks/TP_FlyingBP.upack)
[2021.09.14-05.07.10:608][  0]LogPakFile: OnPakFileMounted2Time == 0.000041
[2021.09.14-05.07.10:609][  0]LogPakFile: PakFile PrimaryIndexSize=188
[2021.09.14-05.07.10:609][  0]LogPakFile: PakFile PathHashIndexSize=101
[2021.09.14-05.07.10:609][  0]LogPakFile: PakFile FullDirectoryIndexSize=150
[2021.09.14-05.07.10:610][  0]LogShaderLibrary: Display: ShaderCodeLibraryPakFileMountedCallback: PakFile 'D:/EpicGames/UE_4.27/FeaturePacks/TP_HandheldARBP.upack' (chunk index -1, root 'root:/') mounted
[2021.09.14-05.07.10:610][  0]LogShaderLibrary: Display: ShaderCodeLibraryPakFileMountedCallback: pending pak file info (ChunkID:-1 Root:root:/ File:D:/EpicGames/UE_4.27/FeaturePacks/TP_HandheldARBP.upack)
[2021.09.14-05.07.10:610][  0]LogPakFile: OnPakFileMounted2Time == 0.000085
[2021.09.14-05.07.10:611][  0]LogPakFile: PakFile PrimaryIndexSize=182
[2021.09.14-05.07.10:611][  0]LogPakFile: PakFile PathHashIndexSize=101
[2021.09.14-05.07.10:611][  0]LogPakFile: PakFile FullDirectoryIndexSize=138
[2021.09.14-05.07.10:611][  0]LogShaderLibrary: Display: ShaderCodeLibraryPakFileMountedCallback: PakFile 'D:/EpicGames/UE_4.27/FeaturePacks/TP_Puzzle.upack' (chunk index -1, root 'root:/') mounted
[2021.09.14-05.07.10:611][  0]LogShaderLibrary: Display: ShaderCodeLibraryPakFileMountedCallback: pending pak file info (ChunkID:-1 Root:root:/ File:D:/EpicGames/UE_4.27/FeaturePacks/TP_Puzzle.upack)
[2021.09.14-05.07.10:611][  0]LogPakFile: OnPakFileMounted2Time == 0.000042
[2021.09.14-05.07.10:613][  0]LogPakFile: PakFile PrimaryIndexSize=184
[2021.09.14-05.07.10:613][  0]LogPakFile: PakFile PathHashIndexSize=101
[2021.09.14-05.07.10:613][  0]LogPakFile: PakFile FullDirectoryIndexSize=142
[2021.09.14-05.07.10:613][  0]LogShaderLibrary: Display: ShaderCodeLibraryPakFileMountedCallback: PakFile 'D:/EpicGames/UE_4.27/FeaturePacks/TP_PuzzleBP.upack' (chunk index -1, root 'root:/') mounted
[2021.09.14-05.07.10:613][  0]LogShaderLibrary: Display: ShaderCodeLibraryPakFileMountedCallback: pending pak file info (ChunkID:-1 Root:root:/ File:D:/EpicGames/UE_4.27/FeaturePacks/TP_PuzzleBP.upack)
[2021.09.14-05.07.10:613][  0]LogPakFile: OnPakFileMounted2Time == 0.000042
[2021.09.14-05.07.10:614][  0]LogPakFile: PakFile PrimaryIndexSize=183
[2021.09.14-05.07.10:614][  0]LogPakFile: PakFile PathHashIndexSize=101
[2021.09.14-05.07.10:614][  0]LogPakFile: PakFile FullDirectoryIndexSize=140
[2021.09.14-05.07.10:614][  0]LogShaderLibrary: Display: ShaderCodeLibraryPakFileMountedCallback: PakFile 'D:/EpicGames/UE_4.27/FeaturePacks/TP_Rolling.upack' (chunk index -1, root 'root:/') mounted
[2021.09.14-05.07.10:614][  0]LogShaderLibrary: Display: ShaderCodeLibraryPakFileMountedCallback: pending pak file info (ChunkID:-1 Root:root:/ File:D:/EpicGames/UE_4.27/FeaturePacks/TP_Rolling.upack)
[2021.09.14-05.07.10:614][  0]LogPakFile: OnPakFileMounted2Time == 0.000042
[2021.09.14-05.07.10:615][  0]LogPakFile: PakFile PrimaryIndexSize=185
[2021.09.14-05.07.10:615][  0]LogPakFile: PakFile PathHashIndexSize=101
[2021.09.14-05.07.10:615][  0]LogPakFile: PakFile FullDirectoryIndexSize=144
[2021.09.14-05.07.10:615][  0]LogShaderLibrary: Display: ShaderCodeLibraryPakFileMountedCallback: PakFile 'D:/EpicGames/UE_4.27/FeaturePacks/TP_RollingBP.upack' (chunk index -1, root 'root:/') mounted
[2021.09.14-05.07.10:615][  0]LogShaderLibrary: Display: ShaderCodeLibraryPakFileMountedCallback: pending pak file info (ChunkID:-1 Root:root:/ File:D:/EpicGames/UE_4.27/FeaturePacks/TP_RollingBP.upack)
[2021.09.14-05.07.10:615][  0]LogPakFile: OnPakFileMounted2Time == 0.000041
[2021.09.14-05.07.10:617][  0]LogPakFile: PakFile PrimaryIndexSize=188
[2021.09.14-05.07.10:617][  0]LogPakFile: PakFile PathHashIndexSize=101
[2021.09.14-05.07.10:617][  0]LogPakFile: PakFile FullDirectoryIndexSize=150
[2021.09.14-05.07.10:617][  0]LogShaderLibrary: Display: ShaderCodeLibraryPakFileMountedCallback: PakFile 'D:/EpicGames/UE_4.27/FeaturePacks/TP_SideScroller.upack' (chunk index -1, root 'root:/') mounted
[2021.09.14-05.07.10:617][  0]LogShaderLibrary: Display: ShaderCodeLibraryPakFileMountedCallback: pending pak file info (ChunkID:-1 Root:root:/ File:D:/EpicGames/UE_4.27/FeaturePacks/TP_SideScroller.upack)
[2021.09.14-05.07.10:617][  0]LogPakFile: OnPakFileMounted2Time == 0.000047
[2021.09.14-05.07.10:618][  0]LogPakFile: PakFile PrimaryIndexSize=190
[2021.09.14-05.07.10:618][  0]LogPakFile: PakFile PathHashIndexSize=101
[2021.09.14-05.07.10:618][  0]LogPakFile: PakFile FullDirectoryIndexSize=154
[2021.09.14-05.07.10:618][  0]LogShaderLibrary: Display: ShaderCodeLibraryPakFileMountedCallback: PakFile 'D:/EpicGames/UE_4.27/FeaturePacks/TP_SideScrollerBP.upack' (chunk index -1, root 'root:/') mounted
[2021.09.14-05.07.10:618][  0]LogShaderLibrary: Display: ShaderCodeLibraryPakFileMountedCallback: pending pak file info (ChunkID:-1 Root:root:/ File:D:/EpicGames/UE_4.27/FeaturePacks/TP_SideScrollerBP.upack)
[2021.09.14-05.07.10:618][  0]LogPakFile: OnPakFileMounted2Time == 0.000045
[2021.09.14-05.07.10:619][  0]LogPakFile: PakFile PrimaryIndexSize=187
[2021.09.14-05.07.10:619][  0]LogPakFile: PakFile PathHashIndexSize=101
[2021.09.14-05.07.10:619][  0]LogPakFile: PakFile FullDirectoryIndexSize=148
[2021.09.14-05.07.10:619][  0]LogShaderLibrary: Display: ShaderCodeLibraryPakFileMountedCallback: PakFile 'D:/EpicGames/UE_4.27/FeaturePacks/TP_ThirdPerson.upack' (chunk index -1, root 'root:/') mounted
[2021.09.14-05.07.10:620][  0]LogShaderLibrary: Display: ShaderCodeLibraryPakFileMountedCallback: pending pak file info (ChunkID:-1 Root:root:/ File:D:/EpicGames/UE_4.27/FeaturePacks/TP_ThirdPerson.upack)
[2021.09.14-05.07.10:620][  0]LogPakFile: OnPakFileMounted2Time == 0.000044
[2021.09.14-05.07.10:621][  0]LogPakFile: PakFile PrimaryIndexSize=189
[2021.09.14-05.07.10:621][  0]LogPakFile: PakFile PathHashIndexSize=101
[2021.09.14-05.07.10:621][  0]LogPakFile: PakFile FullDirectoryIndexSize=152
[2021.09.14-05.07.10:621][  0]LogShaderLibrary: Display: ShaderCodeLibraryPakFileMountedCallback: PakFile 'D:/EpicGames/UE_4.27/FeaturePacks/TP_ThirdPersonBP.upack' (chunk index -1, root 'root:/') mounted
[2021.09.14-05.07.10:621][  0]LogShaderLibrary: Display: ShaderCodeLibraryPakFileMountedCallback: pending pak file info (ChunkID:-1 Root:root:/ File:D:/EpicGames/UE_4.27/FeaturePacks/TP_ThirdPersonBP.upack)
[2021.09.14-05.07.10:621][  0]LogPakFile: OnPakFileMounted2Time == 0.000042
[2021.09.14-05.07.10:622][  0]LogPakFile: PakFile PrimaryIndexSize=183
[2021.09.14-05.07.10:622][  0]LogPakFile: PakFile PathHashIndexSize=101
[2021.09.14-05.07.10:622][  0]LogPakFile: PakFile FullDirectoryIndexSize=140
[2021.09.14-05.07.10:622][  0]LogShaderLibrary: Display: ShaderCodeLibraryPakFileMountedCallback: PakFile 'D:/EpicGames/UE_4.27/FeaturePacks/TP_TopDown.upack' (chunk index -1, root 'root:/') mounted
[2021.09.14-05.07.10:622][  0]LogShaderLibrary: Display: ShaderCodeLibraryPakFileMountedCallback: pending pak file info (ChunkID:-1 Root:root:/ File:D:/EpicGames/UE_4.27/FeaturePacks/TP_TopDown.upack)
[2021.09.14-05.07.10:622][  0]LogPakFile: OnPakFileMounted2Time == 0.000046
[2021.09.14-05.07.10:623][  0]LogPakFile: PakFile PrimaryIndexSize=185
[2021.09.14-05.07.10:623][  0]LogPakFile: PakFile PathHashIndexSize=101
[2021.09.14-05.07.10:623][  0]LogPakFile: PakFile FullDirectoryIndexSize=144
[2021.09.14-05.07.10:623][  0]LogShaderLibrary: Display: ShaderCodeLibraryPakFileMountedCallback: PakFile 'D:/EpicGames/UE_4.27/FeaturePacks/TP_TopDownBP.upack' (chunk index -1, root 'root:/') mounted
[2021.09.14-05.07.10:623][  0]LogShaderLibrary: Display: ShaderCodeLibraryPakFileMountedCallback: pending pak file info (ChunkID:-1 Root:root:/ File:D:/EpicGames/UE_4.27/FeaturePacks/TP_TopDownBP.upack)
[2021.09.14-05.07.10:623][  0]LogPakFile: OnPakFileMounted2Time == 0.000040
[2021.09.14-05.07.10:625][  0]LogPakFile: PakFile PrimaryIndexSize=185
[2021.09.14-05.07.10:625][  0]LogPakFile: PakFile PathHashIndexSize=101
[2021.09.14-05.07.10:625][  0]LogPakFile: PakFile FullDirectoryIndexSize=144
[2021.09.14-05.07.10:625][  0]LogShaderLibrary: Display: ShaderCodeLibraryPakFileMountedCallback: PakFile 'D:/EpicGames/UE_4.27/FeaturePacks/TP_TwinStick.upack' (chunk index -1, root 'root:/') mounted
[2021.09.14-05.07.10:625][  0]LogShaderLibrary: Display: ShaderCodeLibraryPakFileMountedCallback: pending pak file info (ChunkID:-1 Root:root:/ File:D:/EpicGames/UE_4.27/FeaturePacks/TP_TwinStick.upack)
[2021.09.14-05.07.10:625][  0]LogPakFile: OnPakFileMounted2Time == 0.000063
[2021.09.14-05.07.10:626][  0]LogPakFile: PakFile PrimaryIndexSize=187
[2021.09.14-05.07.10:626][  0]LogPakFile: PakFile PathHashIndexSize=101
[2021.09.14-05.07.10:626][  0]LogPakFile: PakFile FullDirectoryIndexSize=148
[2021.09.14-05.07.10:626][  0]LogShaderLibrary: Display: ShaderCodeLibraryPakFileMountedCallback: PakFile 'D:/EpicGames/UE_4.27/FeaturePacks/TP_TwinStickBP.upack' (chunk index -1, root 'root:/') mounted
[2021.09.14-05.07.10:626][  0]LogShaderLibrary: Display: ShaderCodeLibraryPakFileMountedCallback: pending pak file info (ChunkID:-1 Root:root:/ File:D:/EpicGames/UE_4.27/FeaturePacks/TP_TwinStickBP.upack)
[2021.09.14-05.07.10:626][  0]LogPakFile: OnPakFileMounted2Time == 0.000041
[2021.09.14-05.07.10:627][  0]LogPakFile: PakFile PrimaryIndexSize=183
[2021.09.14-05.07.10:627][  0]LogPakFile: PakFile PathHashIndexSize=101
[2021.09.14-05.07.10:627][  0]LogPakFile: PakFile FullDirectoryIndexSize=140
[2021.09.14-05.07.10:627][  0]LogShaderLibrary: Display: ShaderCodeLibraryPakFileMountedCallback: PakFile 'D:/EpicGames/UE_4.27/FeaturePacks/TP_Vehicle.upack' (chunk index -1, root 'root:/') mounted
[2021.09.14-05.07.10:627][  0]LogShaderLibrary: Display: ShaderCodeLibraryPakFileMountedCallback: pending pak file info (ChunkID:-1 Root:root:/ File:D:/EpicGames/UE_4.27/FeaturePacks/TP_Vehicle.upack)
[2021.09.14-05.07.10:627][  0]LogPakFile: OnPakFileMounted2Time == 0.000042
[2021.09.14-05.07.10:629][  0]LogPakFile: PakFile PrimaryIndexSize=186
[2021.09.14-05.07.10:629][  0]LogPakFile: PakFile PathHashIndexSize=101
[2021.09.14-05.07.10:629][  0]LogPakFile: PakFile FullDirectoryIndexSize=146
[2021.09.14-05.07.10:629][  0]LogShaderLibrary: Display: ShaderCodeLibraryPakFileMountedCallback: PakFile 'D:/EpicGames/UE_4.27/FeaturePacks/TP_VehicleAdv.upack' (chunk index -1, root 'root:/') mounted
[2021.09.14-05.07.10:629][  0]LogShaderLibrary: Display: ShaderCodeLibraryPakFileMountedCallback: pending pak file info (ChunkID:-1 Root:root:/ File:D:/EpicGames/UE_4.27/FeaturePacks/TP_VehicleAdv.upack)
[2021.09.14-05.07.10:629][  0]LogPakFile: OnPakFileMounted2Time == 0.000041
[2021.09.14-05.07.10:630][  0]LogPakFile: PakFile PrimaryIndexSize=188
[2021.09.14-05.07.10:630][  0]LogPakFile: PakFile PathHashIndexSize=101
[2021.09.14-05.07.10:630][  0]LogPakFile: PakFile FullDirectoryIndexSize=150
[2021.09.14-05.07.10:630][  0]LogShaderLibrary: Display: ShaderCodeLibraryPakFileMountedCallback: PakFile 'D:/EpicGames/UE_4.27/FeaturePacks/TP_VehicleAdvBP.upack' (chunk index -1, root 'root:/') mounted
[2021.09.14-05.07.10:630][  0]LogShaderLibrary: Display: ShaderCodeLibraryPakFileMountedCallback: pending pak file info (ChunkID:-1 Root:root:/ File:D:/EpicGames/UE_4.27/FeaturePacks/TP_VehicleAdvBP.upack)
[2021.09.14-05.07.10:630][  0]LogPakFile: OnPakFileMounted2Time == 0.000044
[2021.09.14-05.07.10:631][  0]LogPakFile: PakFile PrimaryIndexSize=185
[2021.09.14-05.07.10:631][  0]LogPakFile: PakFile PathHashIndexSize=101
[2021.09.14-05.07.10:631][  0]LogPakFile: PakFile FullDirectoryIndexSize=144
[2021.09.14-05.07.10:631][  0]LogShaderLibrary: Display: ShaderCodeLibraryPakFileMountedCallback: PakFile 'D:/EpicGames/UE_4.27/FeaturePacks/TP_VehicleBP.upack' (chunk index -1, root 'root:/') mounted
[2021.09.14-05.07.10:631][  0]LogShaderLibrary: Display: ShaderCodeLibraryPakFileMountedCallback: pending pak file info (ChunkID:-1 Root:root:/ File:D:/EpicGames/UE_4.27/FeaturePacks/TP_VehicleBP.upack)
[2021.09.14-05.07.10:631][  0]LogPakFile: OnPakFileMounted2Time == 0.000041
[2021.09.14-05.07.10:632][  0]LogPakFile: PakFile PrimaryIndexSize=192
[2021.09.14-05.07.10:632][  0]LogPakFile: PakFile PathHashIndexSize=101
[2021.09.14-05.07.10:632][  0]LogPakFile: PakFile FullDirectoryIndexSize=158
[2021.09.14-05.07.10:633][  0]LogShaderLibrary: Display: ShaderCodeLibraryPakFileMountedCallback: PakFile 'D:/EpicGames/UE_4.27/FeaturePacks/TP_VirtualRealityBP.upack' (chunk index -1, root 'root:/') mounted
[2021.09.14-05.07.10:633][  0]LogShaderLibrary: Display: ShaderCodeLibraryPakFileMountedCallback: pending pak file info (ChunkID:-1 Root:root:/ File:D:/EpicGames/UE_4.27/FeaturePacks/TP_VirtualRealityBP.upack)
[2021.09.14-05.07.10:633][  0]LogPakFile: OnPakFileMounted2Time == 0.000049
[2021.09.14-05.07.10:985][  0]LogNativeClassHierarchy: Verbose: Native class hierarchy updated for 'AddContentDialog' in 0.0002 seconds. Added 0 classes and 0 folders.
[2021.09.14-05.07.10:986][  0]LogNativeClassHierarchy: Verbose: Native class hierarchy updated for 'SceneOutliner' in 0.0003 seconds. Added 2 classes and 0 folders.
[2021.09.14-05.07.11:038][  0]LogSlate: Took 0.000415 seconds to synchronously load lazily loaded font '../../../Engine/Content/Slate/Fonts/Roboto-Regular.ttf' (155K)
[2021.09.14-05.07.11:039][  0]LogSlate: Took 0.000425 seconds to synchronously load lazily loaded font '../../../Engine/Content/Editor/Slate/Fonts/FontAwesome.ttf' (139K)
[2021.09.14-05.07.11:041][  0]LogSlate: Took 0.000389 seconds to synchronously load lazily loaded font '../../../Engine/Content/Slate/Fonts/Roboto-Bold.ttf' (160K)
[2021.09.14-05.07.11:161][  0]LogRenderer: Reallocating scene render targets to support 1168x448 Format 10 NumSamples 1 (Frame:1).
[2021.09.14-05.07.11:177][  0]LogSlate: Took 0.000467 seconds to synchronously load lazily loaded font '../../../Engine/Content/Slate/Fonts/Roboto-Light.ttf' (167K)
[2021.09.14-05.07.11:241][  0]LogNativeClassHierarchy: Verbose: Native class hierarchy updated for 'HierarchicalLODOutliner' in 0.0002 seconds. Added 0 classes and 0 folders.
[2021.09.14-05.07.11:241][  0]LogLoad: (Engine Initialization) Total time: 16.12 seconds
[2021.09.14-05.07.11:241][  0]LogLoad: (Engine Initialization) Total Blueprint compile time: 0.00 seconds
[2021.09.14-05.07.11:291][  0]LogAssetRegistry: Asset discovery search completed in 7.6906 seconds
[2021.09.14-05.07.11:301][  0]LogCollectionManager: Fixed up redirectors for 0 collections in 0.000004 seconds (updated 0 objects)
[2021.09.14-05.07.11:304][  0]LogContentStreaming: Texture pool size now 1000 MB
[2021.09.14-05.07.11:934][  2]LogSlate: Took 0.000325 seconds to synchronously load lazily loaded font '../../../Engine/Content/Slate/Fonts/Roboto-Light.ttf' (167K)
[2021.09.14-05.07.14:606][197]LogAssetEditorSubsystem: Opening Asset editor for WidgetBlueprint /Game/Widgets/DeathScreen.DeathScreen
[2021.09.14-05.07.14:819][197]LogNativeClassHierarchy: Verbose: Native class hierarchy updated for 'BlueprintGraph' in 0.0005 seconds. Added 126 classes and 0 folders.
[2021.09.14-05.07.16:113][197]LogSlate: Took 0.000420 seconds to synchronously load lazily loaded font '../../../Engine/Content/Slate/Fonts/Roboto-BoldCondensed.ttf' (158K)
[2021.09.14-05.07.38:570][200]LogSlate: Window 'DeathScreen' being destroyed
[2021.09.14-05.07.38:589][200]LogSlate: Window 'DeathScreen' being destroyed
[2021.09.14-05.07.38:593][200]LogWorld: UWorld::CleanupWorld for World_1, bSessionEnded=true, bCleanupResources=true
[2021.09.14-05.07.38:593][200]LogSlate: InvalidateAllWidgets triggered.  All widgets were invalidated
[2021.09.14-05.07.38:600][200]LogWorld: UWorld::CleanupWorld for World_0, bSessionEnded=true, bCleanupResources=true
[2021.09.14-05.07.38:600][200]LogSlate: InvalidateAllWidgets triggered.  All widgets were invalidated
